<?xml version="1.0" encoding="UTF-8"?>
<testsuites name="MAE_TS1" time="70.142" tests="1" failures="0" errors="0">
   <testsuite name="MAE_TS1" tests="1" failures="0" errors="0" time="70.142" skipped="0" timestamp="2023-03-17 16:45:13" hostname="00123955 - L181102205W10.mshome.net" id="Test Suites/MAE_TS1">
      <properties>
         <property name="deviceName" value="samsung SM-G998B (Android 11)"/>
         <property name="devicePlatform" value=""/>
         <property name="logFolder" value="C:\\Users\\00123955\\git\\showcaseGITmarch\\Reports\\20230317_164458\\MAE_TS1\\20230317_164504"/>
         <property name="logFiles" value="C:\\Users\\00123955\\git\\showcaseGITmarch\\Reports\\20230317_164458\\MAE_TS1\\20230317_164504\\appium.log, C:\\Users\\00123955\\git\\showcaseGITmarch\\Reports\\20230317_164458\\MAE_TS1\\20230317_164504\\execution0.log"/>
         <property name="attachments" value="C:\Users\00123955\git\screenshot\M2U\1.png, C:\Users\00123955\git\screenshot\M2U\2.png, C:\Users\00123955\git\screenshot\M2U\3.png, C:\Users\00123955\git\screenshot\M2U\4.png, C:\Users\00123955\git\screenshot\M2U\5.png, C:\Users\00123955\git\screenshot\M2U\6.png, C:\Users\00123955\git\screenshot\M2U\7.png, C:\Users\00123955\git\screenshot\M2U\8.png, C:\Users\00123955\git\screenshot\M2U\9.png, C:\Users\00123955\git\screenshot\M2U\10.png"/>
         <property name="hostName" value="00123955 - L181102205W10.mshome.net"/>
         <property name="os" value="Windows 10 64bit"/>
         <property name="appiumServerStatus" value="{&quot;value&quot;:{&quot;build&quot;:{&quot;version&quot;:&quot;1.18.1&quot;}},&quot;sessionId&quot;:null,&quot;status&quot;:0}"/>
         <property name="katalonVersion" value="8.5.5.208"/>
         <property name="deviceOS" value="Android"/>
         <property name="appiumVersion" value="1.18.1"/>
         <property name="deviceModel" value="SM-G998B"/>
         <property name="hostAddress" value="192.168.174.129"/>
         <property name="deviceManufacturer" value="samsung"/>
         <property name="deviceId" value="R5CR704KXSR"/>
         <property name="deviceName" value="samsung SM-G998B (Android 11)"/>
         <property name="deviceOSVersion" value="11"/>
      </properties>
      <testcase name="Test Cases/Mobile TC/MAE Onboarding" time="69.752" classname="Test Cases/Mobile TC/MAE Onboarding" status="PASSED">
         <system-out><![CDATA[2023-03-17 16:45:14 - [TEST_CASE][PASSED] - Test Cases/Mobile TC/MAE Onboarding: Test Cases/Mobile TC/MAE Onboarding

2023-03-17 16:45:14 - [TEST_STEP][PASSED] - startExistingApplication("com.maybank2u.life", CONTINUE_ON_FAILURE): Starting app with application ID: 'com.maybank2u.life'

2023-03-17 16:45:16 - [MESSAGE][INFO] - Detected NodeJS location: "C:\Program Files\nodejs\node.exe"

2023-03-17 16:45:32 - [MESSAGE][INFO] - Appium server started on port 57,405

2023-03-17 16:45:48 - [MESSAGE][PASSED] - Starting app with application ID: 'com.maybank2u.life'

2023-03-17 16:45:48 - [TEST_STEP][PASSED] - takeScreenshot("C:\Users\00123955\git\screenshot\M2U\1.png", CONTINUE_ON_FAILURE): Screenshot is taken

2023-03-17 16:45:48 - [MESSAGE][PASSED] - Screenshot is taken
[[ATTACHMENT|C:\Users\00123955\git\screenshot\M2U\1.png]]

2023-03-17 16:45:48 - [TEST_STEP][PASSED] - getText(findTestObject("Object Repository/MAE Onboarding/android.widget.TextView - Skip"), 0): Text of element 'Object Repository/MAE Onboarding/android.widget.TextView - Skip' is: 'Skip'

2023-03-17 16:45:48 - [MESSAGE][WARNING] - Timeout '0' is invalid. Using default page load timeout: '30'

2023-03-17 16:45:50 - [MESSAGE][PASSED] - Text of element 'Object Repository/MAE Onboarding/android.widget.TextView - Skip' is: 'Skip'

2023-03-17 16:45:50 - [TEST_STEP][PASSED] - takeScreenshot("C:\Users\00123955\git\screenshot\M2U\2.png", CONTINUE_ON_FAILURE): Screenshot is taken

2023-03-17 16:45:51 - [MESSAGE][PASSED] - Screenshot is taken
[[ATTACHMENT|C:\Users\00123955\git\screenshot\M2U\2.png]]

2023-03-17 16:45:51 - [TEST_STEP][PASSED] - tap(findTestObject("Object Repository/MAE Onboarding/android.widget.TextView - Skip"), 0): Tapped on element 'Object Repository/MAE Onboarding/android.widget.TextView - Skip'

2023-03-17 16:45:51 - [MESSAGE][WARNING] - Timeout '0' is invalid. Using default page load timeout: '30'

2023-03-17 16:45:51 - [MESSAGE][PASSED] - Tapped on element 'Object Repository/MAE Onboarding/android.widget.TextView - Skip'

2023-03-17 16:45:51 - [TEST_STEP][PASSED] - getText(findTestObject("Object Repository/MAE Onboarding/android.widget.TextView - Agree"), 0): Text of element 'Object Repository/MAE Onboarding/android.widget.TextView - Agree' is: 'Agree'

2023-03-17 16:45:51 - [MESSAGE][WARNING] - Timeout '0' is invalid. Using default page load timeout: '30'

2023-03-17 16:45:52 - [MESSAGE][PASSED] - Text of element 'Object Repository/MAE Onboarding/android.widget.TextView - Agree' is: 'Agree'

2023-03-17 16:45:52 - [TEST_STEP][PASSED] - takeScreenshot("C:\Users\00123955\git\screenshot\M2U\3.png", CONTINUE_ON_FAILURE): Screenshot is taken

2023-03-17 16:45:52 - [MESSAGE][PASSED] - Screenshot is taken
[[ATTACHMENT|C:\Users\00123955\git\screenshot\M2U\3.png]]

2023-03-17 16:45:52 - [TEST_STEP][PASSED] - tap(findTestObject("Object Repository/MAE Onboarding/android.widget.TextView - Agree"), 0): Tapped on element 'Object Repository/MAE Onboarding/android.widget.TextView - Agree'

2023-03-17 16:45:52 - [MESSAGE][WARNING] - Timeout '0' is invalid. Using default page load timeout: '30'

2023-03-17 16:45:53 - [MESSAGE][PASSED] - Tapped on element 'Object Repository/MAE Onboarding/android.widget.TextView - Agree'

2023-03-17 16:45:53 - [TEST_STEP][PASSED] - getText(findTestObject("Object Repository/MAE Onboarding/android.widget.TextView - Hello"), 0): Text of element 'Object Repository/MAE Onboarding/android.widget.TextView - Hello' is: 'Hello!'

2023-03-17 16:45:53 - [MESSAGE][WARNING] - Timeout '0' is invalid. Using default page load timeout: '30'

2023-03-17 16:45:55 - [MESSAGE][PASSED] - Text of element 'Object Repository/MAE Onboarding/android.widget.TextView - Hello' is: 'Hello!'

2023-03-17 16:45:55 - [TEST_STEP][PASSED] - takeScreenshot("C:\Users\00123955\git\screenshot\M2U\4.png", CONTINUE_ON_FAILURE): Screenshot is taken

2023-03-17 16:45:56 - [MESSAGE][PASSED] - Screenshot is taken
[[ATTACHMENT|C:\Users\00123955\git\screenshot\M2U\4.png]]

2023-03-17 16:45:56 - [TEST_STEP][PASSED] - tap(findTestObject("Object Repository/MAE Onboarding/android.widget.TextView - Hello"), 0): Tapped on element 'Object Repository/MAE Onboarding/android.widget.TextView - Hello'

2023-03-17 16:45:56 - [MESSAGE][WARNING] - Timeout '0' is invalid. Using default page load timeout: '30'

2023-03-17 16:45:56 - [MESSAGE][PASSED] - Tapped on element 'Object Repository/MAE Onboarding/android.widget.TextView - Hello'

2023-03-17 16:45:56 - [TEST_STEP][PASSED] - getText(findTestObject("Object Repository/MAE Onboarding/android.widget.TextView - Existing M2UMAE user Log in here"), 0): Text of element 'Object Repository/MAE Onboarding/android.widget.TextView - Existing M2UMAE user Log in here' is: 'Existing M2U/MAE user? Log in here'

2023-03-17 16:45:56 - [MESSAGE][WARNING] - Timeout '0' is invalid. Using default page load timeout: '30'

2023-03-17 16:45:58 - [MESSAGE][PASSED] - Text of element 'Object Repository/MAE Onboarding/android.widget.TextView - Existing M2UMAE user Log in here' is: 'Existing M2U/MAE user? Log in here'

2023-03-17 16:45:58 - [TEST_STEP][PASSED] - takeScreenshot("C:\Users\00123955\git\screenshot\M2U\5.png", CONTINUE_ON_FAILURE): Screenshot is taken

2023-03-17 16:45:59 - [MESSAGE][PASSED] - Screenshot is taken
[[ATTACHMENT|C:\Users\00123955\git\screenshot\M2U\5.png]]

2023-03-17 16:45:59 - [TEST_STEP][PASSED] - tap(findTestObject("Object Repository/MAE Onboarding/android.widget.TextView - Existing M2UMAE user Log in here"), 0): Tapped on element 'Object Repository/MAE Onboarding/android.widget.TextView - Existing M2UMAE user Log in here'

2023-03-17 16:45:59 - [MESSAGE][WARNING] - Timeout '0' is invalid. Using default page load timeout: '30'

2023-03-17 16:45:59 - [MESSAGE][PASSED] - Tapped on element 'Object Repository/MAE Onboarding/android.widget.TextView - Existing M2UMAE user Log in here'

2023-03-17 16:45:59 - [TEST_STEP][PASSED] - getText(findTestObject("Object Repository/MAE Onboarding/android.widget.TextView - Login to Maybank2u"), 0): Text of element 'Object Repository/MAE Onboarding/android.widget.TextView - Login to Maybank2u' is: 'Login to Maybank2u'

2023-03-17 16:45:59 - [MESSAGE][WARNING] - Timeout '0' is invalid. Using default page load timeout: '30'

2023-03-17 16:46:00 - [MESSAGE][PASSED] - Text of element 'Object Repository/MAE Onboarding/android.widget.TextView - Login to Maybank2u' is: 'Login to Maybank2u'

2023-03-17 16:46:00 - [TEST_STEP][PASSED] - takeScreenshot("C:\Users\00123955\git\screenshot\M2U\6.png", CONTINUE_ON_FAILURE): Screenshot is taken

2023-03-17 16:46:01 - [MESSAGE][PASSED] - Screenshot is taken
[[ATTACHMENT|C:\Users\00123955\git\screenshot\M2U\6.png]]

2023-03-17 16:46:01 - [TEST_STEP][PASSED] - setText(findTestObject("MAE Onboarding/android.widget.EditText"), "mosajgohar1", 0): Text 'mosajgohar1' has been set to element 'Object Repository/MAE Onboarding/android.widget.EditText'

2023-03-17 16:46:01 - [MESSAGE][WARNING] - Timeout '0' is invalid. Using default page load timeout: '30'

2023-03-17 16:46:02 - [MESSAGE][PASSED] - Text 'mosajgohar1' has been set to element 'Object Repository/MAE Onboarding/android.widget.EditText'

2023-03-17 16:46:02 - [TEST_STEP][PASSED] - takeScreenshot("C:\Users\00123955\git\screenshot\M2U\7.png", CONTINUE_ON_FAILURE): Screenshot is taken

2023-03-17 16:46:02 - [MESSAGE][PASSED] - Screenshot is taken
[[ATTACHMENT|C:\Users\00123955\git\screenshot\M2U\7.png]]

2023-03-17 16:46:02 - [TEST_STEP][PASSED] - getText(findTestObject("MAE Onboarding/android.widget.TextView - Continue"), 0): Text of element 'Object Repository/MAE Onboarding/android.widget.TextView - Continue' is: 'Continue'

2023-03-17 16:46:02 - [MESSAGE][WARNING] - Timeout '0' is invalid. Using default page load timeout: '30'

2023-03-17 16:46:17 - [MESSAGE][PASSED] - Text of element 'Object Repository/MAE Onboarding/android.widget.TextView - Continue' is: 'Continue'

2023-03-17 16:46:17 - [TEST_STEP][PASSED] - takeScreenshot("C:\Users\00123955\git\screenshot\M2U\8.png", CONTINUE_ON_FAILURE): Screenshot is taken

2023-03-17 16:46:17 - [MESSAGE][PASSED] - Screenshot is taken
[[ATTACHMENT|C:\Users\00123955\git\screenshot\M2U\8.png]]

2023-03-17 16:46:17 - [TEST_STEP][PASSED] - tap(findTestObject("MAE Onboarding/android.widget.TextView - Continue"), 0): Tapped on element 'Object Repository/MAE Onboarding/android.widget.TextView - Continue'

2023-03-17 16:46:17 - [MESSAGE][WARNING] - Timeout '0' is invalid. Using default page load timeout: '30'

2023-03-17 16:46:17 - [MESSAGE][PASSED] - Tapped on element 'Object Repository/MAE Onboarding/android.widget.TextView - Continue'

2023-03-17 16:46:17 - [TEST_STEP][PASSED] - getText(findTestObject("Object Repository/MAE Onboarding/android.widget.TextView - cap"), 0): Text of element 'Object Repository/MAE Onboarding/android.widget.TextView - cap' is: 'cap'

2023-03-17 16:46:18 - [MESSAGE][WARNING] - Timeout '0' is invalid. Using default page load timeout: '30'

2023-03-17 16:46:20 - [MESSAGE][PASSED] - Text of element 'Object Repository/MAE Onboarding/android.widget.TextView - cap' is: 'cap'

2023-03-17 16:46:20 - [TEST_STEP][PASSED] - getText(findTestObject("Object Repository/MAE Onboarding/android.widget.TextView - Yes, Its Mine"), 0): Text of element 'Object Repository/MAE Onboarding/android.widget.TextView - Yes, Its Mine' is: 'Yes, It’s Mine'

2023-03-17 16:46:20 - [MESSAGE][WARNING] - Timeout '0' is invalid. Using default page load timeout: '30'

2023-03-17 16:46:20 - [MESSAGE][PASSED] - Text of element 'Object Repository/MAE Onboarding/android.widget.TextView - Yes, Its Mine' is: 'Yes, It’s Mine'

2023-03-17 16:46:20 - [TEST_STEP][PASSED] - takeScreenshot("C:\Users\00123955\git\screenshot\M2U\9.png", CONTINUE_ON_FAILURE): Screenshot is taken

2023-03-17 16:46:20 - [MESSAGE][PASSED] - Screenshot is taken
[[ATTACHMENT|C:\Users\00123955\git\screenshot\M2U\9.png]]

2023-03-17 16:46:20 - [TEST_STEP][PASSED] - tap(findTestObject("Object Repository/MAE Onboarding/android.widget.TextView - Yes, Its Mine"), 0): Tapped on element 'Object Repository/MAE Onboarding/android.widget.TextView - Yes, Its Mine'

2023-03-17 16:46:20 - [MESSAGE][WARNING] - Timeout '0' is invalid. Using default page load timeout: '30'

2023-03-17 16:46:20 - [MESSAGE][PASSED] - Tapped on element 'Object Repository/MAE Onboarding/android.widget.TextView - Yes, Its Mine'

2023-03-17 16:46:20 - [TEST_STEP][PASSED] - getText(findTestObject("Object Repository/MAE Onboarding/android.widget.TextView - Enter your password"), 0): Text of element 'Object Repository/MAE Onboarding/android.widget.TextView - Enter your password' is: 'Enter your password'

2023-03-17 16:46:21 - [MESSAGE][WARNING] - Timeout '0' is invalid. Using default page load timeout: '30'

2023-03-17 16:46:22 - [MESSAGE][PASSED] - Text of element 'Object Repository/MAE Onboarding/android.widget.TextView - Enter your password' is: 'Enter your password'

2023-03-17 16:46:22 - [TEST_STEP][PASSED] - takeScreenshot("C:\Users\00123955\git\screenshot\M2U\10.png", CONTINUE_ON_FAILURE): Screenshot is taken

2023-03-17 16:46:22 - [MESSAGE][PASSED] - Screenshot is taken
[[ATTACHMENT|C:\Users\00123955\git\screenshot\M2U\10.png]]

2023-03-17 16:46:22 - [TEST_STEP][NOT_RUN] - setText(findTestObject("Object Repository/MAE Onboarding/android.widget.EditText (1)"), findTestData("DevOps").getValue(2, 1), 0): NOT_RUN: setText(findTestObject("Object Repository/MAE Onboarding/android.widget.EditText (1)"), findTestData("DevOps").getValue(2, 1), 0)

2023-03-17 16:46:22 - [MESSAGE][NOT_RUN] - NOT_RUN: setText(findTestObject("Object Repository/MAE Onboarding/android.widget.EditText (1)"), findTestData("DevOps").getValue(2, 1), 0)

2023-03-17 16:46:22 - [TEST_STEP][NOT_RUN] - hideKeyboard(): NOT_RUN: hideKeyboard()

2023-03-17 16:46:22 - [MESSAGE][NOT_RUN] - NOT_RUN: hideKeyboard()

2023-03-17 16:46:22 - [TEST_STEP][NOT_RUN] - getText(findTestObject("Object Repository/MAE Onboarding/android.widget.TextView - Continue (1)"), 0): NOT_RUN: getText(findTestObject("Object Repository/MAE Onboarding/android.widget.TextView - Continue (1)"), 0)

2023-03-17 16:46:22 - [MESSAGE][NOT_RUN] - NOT_RUN: getText(findTestObject("Object Repository/MAE Onboarding/android.widget.TextView - Continue (1)"), 0)

2023-03-17 16:46:22 - [TEST_STEP][NOT_RUN] - tap(findTestObject("Object Repository/MAE Onboarding/android.widget.TextView - Continue (1)"), 0): NOT_RUN: tap(findTestObject("Object Repository/MAE Onboarding/android.widget.TextView - Continue (1)"), 0)

2023-03-17 16:46:22 - [MESSAGE][NOT_RUN] - NOT_RUN: tap(findTestObject("Object Repository/MAE Onboarding/android.widget.TextView - Continue (1)"), 0)

2023-03-17 16:46:22 - [TEST_STEP][NOT_RUN] - getText(findTestObject("Object Repository/MAE Onboarding/android.widget.TextView - Create your PIN for the app"), 0): NOT_RUN: getText(findTestObject("Object Repository/MAE Onboarding/android.widget.TextView - Create your PIN for the app"), 0)

2023-03-17 16:46:22 - [MESSAGE][NOT_RUN] - NOT_RUN: getText(findTestObject("Object Repository/MAE Onboarding/android.widget.TextView - Create your PIN for the app"), 0)

2023-03-17 16:46:22 - [TEST_STEP][NOT_RUN] - takeScreenshot("C:\Users\00123955\git\screenshot\M2U\11.png", CONTINUE_ON_FAILURE): NOT_RUN: takeScreenshot("C:\Users\00123955\git\screenshot\M2U\11.png", CONTINUE_ON_FAILURE)

2023-03-17 16:46:22 - [MESSAGE][NOT_RUN] - NOT_RUN: takeScreenshot("C:\Users\00123955\git\screenshot\M2U\11.png", CONTINUE_ON_FAILURE)

2023-03-17 16:46:22 - [TEST_STEP][NOT_RUN] - tap(findTestObject("Object Repository/MAE Onboarding/android.widget.TextView - 1"), 0): NOT_RUN: tap(findTestObject("Object Repository/MAE Onboarding/android.widget.TextView - 1"), 0)

2023-03-17 16:46:22 - [MESSAGE][NOT_RUN] - NOT_RUN: tap(findTestObject("Object Repository/MAE Onboarding/android.widget.TextView - 1"), 0)

2023-03-17 16:46:22 - [TEST_STEP][NOT_RUN] - tap(findTestObject("Object Repository/MAE Onboarding/android.widget.TextView - 1"), 0): NOT_RUN: tap(findTestObject("Object Repository/MAE Onboarding/android.widget.TextView - 1"), 0)

2023-03-17 16:46:22 - [MESSAGE][NOT_RUN] - NOT_RUN: tap(findTestObject("Object Repository/MAE Onboarding/android.widget.TextView - 1"), 0)

2023-03-17 16:46:22 - [TEST_STEP][NOT_RUN] - tap(findTestObject("Object Repository/MAE Onboarding/android.widget.TextView - 1"), 0): NOT_RUN: tap(findTestObject("Object Repository/MAE Onboarding/android.widget.TextView - 1"), 0)

2023-03-17 16:46:22 - [MESSAGE][NOT_RUN] - NOT_RUN: tap(findTestObject("Object Repository/MAE Onboarding/android.widget.TextView - 1"), 0)

2023-03-17 16:46:22 - [TEST_STEP][NOT_RUN] - tap(findTestObject("Object Repository/MAE Onboarding/android.widget.TextView - 1"), 0): NOT_RUN: tap(findTestObject("Object Repository/MAE Onboarding/android.widget.TextView - 1"), 0)

2023-03-17 16:46:22 - [MESSAGE][NOT_RUN] - NOT_RUN: tap(findTestObject("Object Repository/MAE Onboarding/android.widget.TextView - 1"), 0)

2023-03-17 16:46:22 - [TEST_STEP][NOT_RUN] - tap(findTestObject("Object Repository/MAE Onboarding/android.widget.TextView - 1"), 0): NOT_RUN: tap(findTestObject("Object Repository/MAE Onboarding/android.widget.TextView - 1"), 0)

2023-03-17 16:46:22 - [MESSAGE][NOT_RUN] - NOT_RUN: tap(findTestObject("Object Repository/MAE Onboarding/android.widget.TextView - 1"), 0)

2023-03-17 16:46:22 - [TEST_STEP][NOT_RUN] - tap(findTestObject("Object Repository/MAE Onboarding/android.widget.TextView - 1"), 0): NOT_RUN: tap(findTestObject("Object Repository/MAE Onboarding/android.widget.TextView - 1"), 0)

2023-03-17 16:46:22 - [MESSAGE][NOT_RUN] - NOT_RUN: tap(findTestObject("Object Repository/MAE Onboarding/android.widget.TextView - 1"), 0)

2023-03-17 16:46:22 - [TEST_STEP][NOT_RUN] - takeScreenshot("C:\Users\00123955\git\screenshot\M2U\12.png", CONTINUE_ON_FAILURE): NOT_RUN: takeScreenshot("C:\Users\00123955\git\screenshot\M2U\12.png", CONTINUE_ON_FAILURE)

2023-03-17 16:46:22 - [MESSAGE][NOT_RUN] - NOT_RUN: takeScreenshot("C:\Users\00123955\git\screenshot\M2U\12.png", CONTINUE_ON_FAILURE)

2023-03-17 16:46:22 - [TEST_STEP][NOT_RUN] - tap(findTestObject("Object Repository/MAE Onboarding/android.widget.ImageView"), 0): NOT_RUN: tap(findTestObject("Object Repository/MAE Onboarding/android.widget.ImageView"), 0)

2023-03-17 16:46:22 - [MESSAGE][NOT_RUN] - NOT_RUN: tap(findTestObject("Object Repository/MAE Onboarding/android.widget.ImageView"), 0)

2023-03-17 16:46:22 - [TEST_STEP][NOT_RUN] - getText(findTestObject("Object Repository/MAE Onboarding/android.widget.TextView - Confirm your 6-digit PIN"), 0): NOT_RUN: getText(findTestObject("Object Repository/MAE Onboarding/android.widget.TextView - Confirm your 6-digit PIN"), 0)

2023-03-17 16:46:22 - [MESSAGE][NOT_RUN] - NOT_RUN: getText(findTestObject("Object Repository/MAE Onboarding/android.widget.TextView - Confirm your 6-digit PIN"), 0)

2023-03-17 16:46:22 - [TEST_STEP][NOT_RUN] - tap(findTestObject("Object Repository/MAE Onboarding/android.widget.TextView - 1"), 0): NOT_RUN: tap(findTestObject("Object Repository/MAE Onboarding/android.widget.TextView - 1"), 0)

2023-03-17 16:46:22 - [MESSAGE][NOT_RUN] - NOT_RUN: tap(findTestObject("Object Repository/MAE Onboarding/android.widget.TextView - 1"), 0)

2023-03-17 16:46:22 - [TEST_STEP][NOT_RUN] - tap(findTestObject("Object Repository/MAE Onboarding/android.widget.TextView - 1"), 0): NOT_RUN: tap(findTestObject("Object Repository/MAE Onboarding/android.widget.TextView - 1"), 0)

2023-03-17 16:46:22 - [MESSAGE][NOT_RUN] - NOT_RUN: tap(findTestObject("Object Repository/MAE Onboarding/android.widget.TextView - 1"), 0)

2023-03-17 16:46:22 - [TEST_STEP][NOT_RUN] - tap(findTestObject("Object Repository/MAE Onboarding/android.widget.TextView - 1"), 0): NOT_RUN: tap(findTestObject("Object Repository/MAE Onboarding/android.widget.TextView - 1"), 0)

2023-03-17 16:46:22 - [MESSAGE][NOT_RUN] - NOT_RUN: tap(findTestObject("Object Repository/MAE Onboarding/android.widget.TextView - 1"), 0)

2023-03-17 16:46:22 - [TEST_STEP][NOT_RUN] - tap(findTestObject("Object Repository/MAE Onboarding/android.widget.TextView - 1"), 0): NOT_RUN: tap(findTestObject("Object Repository/MAE Onboarding/android.widget.TextView - 1"), 0)

2023-03-17 16:46:22 - [MESSAGE][NOT_RUN] - NOT_RUN: tap(findTestObject("Object Repository/MAE Onboarding/android.widget.TextView - 1"), 0)

2023-03-17 16:46:22 - [TEST_STEP][NOT_RUN] - tap(findTestObject("Object Repository/MAE Onboarding/android.widget.TextView - 1"), 0): NOT_RUN: tap(findTestObject("Object Repository/MAE Onboarding/android.widget.TextView - 1"), 0)

2023-03-17 16:46:22 - [MESSAGE][NOT_RUN] - NOT_RUN: tap(findTestObject("Object Repository/MAE Onboarding/android.widget.TextView - 1"), 0)

2023-03-17 16:46:22 - [TEST_STEP][NOT_RUN] - tap(findTestObject("Object Repository/MAE Onboarding/android.widget.TextView - 1"), 0): NOT_RUN: tap(findTestObject("Object Repository/MAE Onboarding/android.widget.TextView - 1"), 0)

2023-03-17 16:46:22 - [MESSAGE][NOT_RUN] - NOT_RUN: tap(findTestObject("Object Repository/MAE Onboarding/android.widget.TextView - 1"), 0)

2023-03-17 16:46:22 - [TEST_STEP][NOT_RUN] - takeScreenshot("C:\Users\00123955\git\screenshot\M2U\13.png", CONTINUE_ON_FAILURE): NOT_RUN: takeScreenshot("C:\Users\00123955\git\screenshot\M2U\13.png", CONTINUE_ON_FAILURE)

2023-03-17 16:46:22 - [MESSAGE][NOT_RUN] - NOT_RUN: takeScreenshot("C:\Users\00123955\git\screenshot\M2U\13.png", CONTINUE_ON_FAILURE)

2023-03-17 16:46:22 - [TEST_STEP][NOT_RUN] - tap(findTestObject("Object Repository/MAE Onboarding/android.widget.ImageView"), 0): NOT_RUN: tap(findTestObject("Object Repository/MAE Onboarding/android.widget.ImageView"), 0)

2023-03-17 16:46:22 - [MESSAGE][NOT_RUN] - NOT_RUN: tap(findTestObject("Object Repository/MAE Onboarding/android.widget.ImageView"), 0)

2023-03-17 16:46:22 - [TEST_STEP][NOT_RUN] - getText(findTestObject("Object Repository/MAE Onboarding/android.widget.TextView - Set Up Later"), 0): NOT_RUN: getText(findTestObject("Object Repository/MAE Onboarding/android.widget.TextView - Set Up Later"), 0)

2023-03-17 16:46:22 - [MESSAGE][NOT_RUN] - NOT_RUN: getText(findTestObject("Object Repository/MAE Onboarding/android.widget.TextView - Set Up Later"), 0)

2023-03-17 16:46:22 - [TEST_STEP][NOT_RUN] - takeScreenshot("C:\Users\00123955\git\screenshot\M2U\14.png", CONTINUE_ON_FAILURE): NOT_RUN: takeScreenshot("C:\Users\00123955\git\screenshot\M2U\14.png", CONTINUE_ON_FAILURE)

2023-03-17 16:46:22 - [MESSAGE][NOT_RUN] - NOT_RUN: takeScreenshot("C:\Users\00123955\git\screenshot\M2U\14.png", CONTINUE_ON_FAILURE)

2023-03-17 16:46:22 - [TEST_STEP][NOT_RUN] - tap(findTestObject("Object Repository/MAE Onboarding/android.widget.TextView - Set Up Later"), 0): NOT_RUN: tap(findTestObject("Object Repository/MAE Onboarding/android.widget.TextView - Set Up Later"), 0)

2023-03-17 16:46:22 - [MESSAGE][NOT_RUN] - NOT_RUN: tap(findTestObject("Object Repository/MAE Onboarding/android.widget.TextView - Set Up Later"), 0)

2023-03-17 16:46:22 - [TEST_STEP][NOT_RUN] - getText(findTestObject("Object Repository/MAE Onboarding/android.widget.TextView - Verify Number"), 0): NOT_RUN: getText(findTestObject("Object Repository/MAE Onboarding/android.widget.TextView - Verify Number"), 0)

2023-03-17 16:46:22 - [MESSAGE][NOT_RUN] - NOT_RUN: getText(findTestObject("Object Repository/MAE Onboarding/android.widget.TextView - Verify Number"), 0)

2023-03-17 16:46:22 - [TEST_STEP][NOT_RUN] - getText(findTestObject("Object Repository/MAE Onboarding/android.widget.TextView - Yes, Proceed"), 0): NOT_RUN: getText(findTestObject("Object Repository/MAE Onboarding/android.widget.TextView - Yes, Proceed"), 0)

2023-03-17 16:46:22 - [MESSAGE][NOT_RUN] - NOT_RUN: getText(findTestObject("Object Repository/MAE Onboarding/android.widget.TextView - Yes, Proceed"), 0)

2023-03-17 16:46:22 - [TEST_STEP][NOT_RUN] - takeScreenshot("C:\Users\00123955\git\screenshot\M2U\15.png", CONTINUE_ON_FAILURE): NOT_RUN: takeScreenshot("C:\Users\00123955\git\screenshot\M2U\15.png", CONTINUE_ON_FAILURE)

2023-03-17 16:46:22 - [MESSAGE][NOT_RUN] - NOT_RUN: takeScreenshot("C:\Users\00123955\git\screenshot\M2U\15.png", CONTINUE_ON_FAILURE)

2023-03-17 16:46:22 - [TEST_STEP][NOT_RUN] - tap(findTestObject("Object Repository/MAE Onboarding/android.widget.TextView - Yes, Proceed"), 0): NOT_RUN: tap(findTestObject("Object Repository/MAE Onboarding/android.widget.TextView - Yes, Proceed"), 0)

2023-03-17 16:46:22 - [MESSAGE][NOT_RUN] - NOT_RUN: tap(findTestObject("Object Repository/MAE Onboarding/android.widget.TextView - Yes, Proceed"), 0)

2023-03-17 16:46:22 - [TEST_STEP][NOT_RUN] - delay(20): NOT_RUN: delay(20)

2023-03-17 16:46:22 - [MESSAGE][NOT_RUN] - NOT_RUN: delay(20)

2023-03-17 16:46:22 - [TEST_STEP][NOT_RUN] - takeScreenshot("C:\Users\00123955\git\screenshot\M2U\16.png", CONTINUE_ON_FAILURE): NOT_RUN: takeScreenshot("C:\Users\00123955\git\screenshot\M2U\16.png", CONTINUE_ON_FAILURE)

2023-03-17 16:46:22 - [MESSAGE][NOT_RUN] - NOT_RUN: takeScreenshot("C:\Users\00123955\git\screenshot\M2U\16.png", CONTINUE_ON_FAILURE)

2023-03-17 16:46:22 - [TEST_STEP][NOT_RUN] - tap(findTestObject("Object Repository/MAE Onboarding/android.widget.ImageView"), 0): NOT_RUN: tap(findTestObject("Object Repository/MAE Onboarding/android.widget.ImageView"), 0)

2023-03-17 16:46:22 - [MESSAGE][NOT_RUN] - NOT_RUN: tap(findTestObject("Object Repository/MAE Onboarding/android.widget.ImageView"), 0)

2023-03-17 16:46:22 - [TEST_STEP][NOT_RUN] - getText(findTestObject("Object Repository/MAE Onboarding/android.widget.EditText - Enter your name"), 0): NOT_RUN: getText(findTestObject("Object Repository/MAE Onboarding/android.widget.EditText - Enter your name"), 0)

2023-03-17 16:46:22 - [MESSAGE][NOT_RUN] - NOT_RUN: getText(findTestObject("Object Repository/MAE Onboarding/android.widget.EditText - Enter your name"), 0)

2023-03-17 16:46:22 - [TEST_STEP][NOT_RUN] - setText(findTestObject("Object Repository/MAE Onboarding/android.widget.EditText - Enter your name"), "Mayesha", 0): NOT_RUN: setText(findTestObject("Object Repository/MAE Onboarding/android.widget.EditText - Enter your name"), "Mayesha", 0)

2023-03-17 16:46:22 - [MESSAGE][NOT_RUN] - NOT_RUN: setText(findTestObject("Object Repository/MAE Onboarding/android.widget.EditText - Enter your name"), "Mayesha", 0)

2023-03-17 16:46:22 - [TEST_STEP][NOT_RUN] - takeScreenshot("C:\Users\00123955\git\screenshot\M2U\17.png", CONTINUE_ON_FAILURE): NOT_RUN: takeScreenshot("C:\Users\00123955\git\screenshot\M2U\17.png", CONTINUE_ON_FAILURE)

2023-03-17 16:46:22 - [MESSAGE][NOT_RUN] - NOT_RUN: takeScreenshot("C:\Users\00123955\git\screenshot\M2U\17.png", CONTINUE_ON_FAILURE)

2023-03-17 16:46:22 - [TEST_STEP][NOT_RUN] - hideKeyboard(): NOT_RUN: hideKeyboard()

2023-03-17 16:46:22 - [MESSAGE][NOT_RUN] - NOT_RUN: hideKeyboard()

2023-03-17 16:46:22 - [TEST_STEP][NOT_RUN] - getText(findTestObject("MAE Onboarding/android.widget.TextView - Continue"), 0): NOT_RUN: getText(findTestObject("MAE Onboarding/android.widget.TextView - Continue"), 0)

2023-03-17 16:46:22 - [MESSAGE][NOT_RUN] - NOT_RUN: getText(findTestObject("MAE Onboarding/android.widget.TextView - Continue"), 0)

2023-03-17 16:46:22 - [TEST_STEP][NOT_RUN] - takeScreenshot("C:\Users\00123955\git\screenshot\M2U\18.png", CONTINUE_ON_FAILURE): NOT_RUN: takeScreenshot("C:\Users\00123955\git\screenshot\M2U\18.png", CONTINUE_ON_FAILURE)

2023-03-17 16:46:22 - [MESSAGE][NOT_RUN] - NOT_RUN: takeScreenshot("C:\Users\00123955\git\screenshot\M2U\18.png", CONTINUE_ON_FAILURE)

2023-03-17 16:46:22 - [TEST_STEP][NOT_RUN] - tap(findTestObject("MAE Onboarding/android.widget.TextView - Continue"), 0): NOT_RUN: tap(findTestObject("MAE Onboarding/android.widget.TextView - Continue"), 0)

2023-03-17 16:46:22 - [MESSAGE][NOT_RUN] - NOT_RUN: tap(findTestObject("MAE Onboarding/android.widget.TextView - Continue"), 0)

2023-03-17 16:46:22 - [TEST_STEP][NOT_RUN] - getText(findTestObject("Object Repository/MAE Onboarding/android.widget.TextView - Introducing Wallet"), 0): NOT_RUN: getText(findTestObject("Object Repository/MAE Onboarding/android.widget.TextView - Introducing Wallet"), 0)

2023-03-17 16:46:22 - [MESSAGE][NOT_RUN] - NOT_RUN: getText(findTestObject("Object Repository/MAE Onboarding/android.widget.TextView - Introducing Wallet"), 0)

2023-03-17 16:46:22 - [TEST_STEP][NOT_RUN] - tap(findTestObject("MAE Onboarding/android.widget.TextView - Continue"), 0): NOT_RUN: tap(findTestObject("MAE Onboarding/android.widget.TextView - Continue"), 0)

2023-03-17 16:46:22 - [MESSAGE][NOT_RUN] - NOT_RUN: tap(findTestObject("MAE Onboarding/android.widget.TextView - Continue"), 0)

2023-03-17 16:46:22 - [TEST_STEP][NOT_RUN] - getText(findTestObject("Object Repository/MAE Onboarding/android.widget.TextView - Skip (1)"), 0): NOT_RUN: getText(findTestObject("Object Repository/MAE Onboarding/android.widget.TextView - Skip (1)"), 0)

2023-03-17 16:46:22 - [MESSAGE][NOT_RUN] - NOT_RUN: getText(findTestObject("Object Repository/MAE Onboarding/android.widget.TextView - Skip (1)"), 0)

2023-03-17 16:46:22 - [TEST_STEP][NOT_RUN] - tap(findTestObject("Object Repository/MAE Onboarding/android.widget.TextView - Skip (1)"), 0): NOT_RUN: tap(findTestObject("Object Repository/MAE Onboarding/android.widget.TextView - Skip (1)"), 0)

2023-03-17 16:46:22 - [MESSAGE][NOT_RUN] - NOT_RUN: tap(findTestObject("Object Repository/MAE Onboarding/android.widget.TextView - Skip (1)"), 0)

2023-03-17 16:46:22 - [TEST_STEP][NOT_RUN] - getText(findTestObject("Object Repository/MAE Onboarding/android.widget.TextView - Set Up Successful"), 0): NOT_RUN: getText(findTestObject("Object Repository/MAE Onboarding/android.widget.TextView - Set Up Successful"), 0)

2023-03-17 16:46:22 - [MESSAGE][NOT_RUN] - NOT_RUN: getText(findTestObject("Object Repository/MAE Onboarding/android.widget.TextView - Set Up Successful"), 0)

2023-03-17 16:46:22 - [TEST_STEP][NOT_RUN] - takeScreenshot("C:\Users\00123955\git\screenshot\M2U\19.png", CONTINUE_ON_FAILURE): NOT_RUN: takeScreenshot("C:\Users\00123955\git\screenshot\M2U\19.png", CONTINUE_ON_FAILURE)

2023-03-17 16:46:22 - [MESSAGE][NOT_RUN] - NOT_RUN: takeScreenshot("C:\Users\00123955\git\screenshot\M2U\19.png", CONTINUE_ON_FAILURE)

2023-03-17 16:46:22 - [TEST_STEP][NOT_RUN] - tap(findTestObject("Object Repository/MAE Onboarding/android.widget.TextView - Done"), 0): NOT_RUN: tap(findTestObject("Object Repository/MAE Onboarding/android.widget.TextView - Done"), 0)

2023-03-17 16:46:22 - [MESSAGE][NOT_RUN] - NOT_RUN: tap(findTestObject("Object Repository/MAE Onboarding/android.widget.TextView - Done"), 0)

2023-03-17 16:46:22 - [TEST_STEP][NOT_RUN] - getText(findTestObject("Object Repository/MAE Onboarding/android.widget.TextView - Mayesha"), 0): NOT_RUN: getText(findTestObject("Object Repository/MAE Onboarding/android.widget.TextView - Mayesha"), 0)

2023-03-17 16:46:22 - [MESSAGE][NOT_RUN] - NOT_RUN: getText(findTestObject("Object Repository/MAE Onboarding/android.widget.TextView - Mayesha"), 0)

2023-03-17 16:46:22 - [TEST_STEP][NOT_RUN] - takeScreenshot("C:\Users\00123955\git\screenshot\M2U\20.png", CONTINUE_ON_FAILURE): NOT_RUN: takeScreenshot("C:\Users\00123955\git\screenshot\M2U\20.png", CONTINUE_ON_FAILURE)

2023-03-17 16:46:22 - [MESSAGE][NOT_RUN] - NOT_RUN: takeScreenshot("C:\Users\00123955\git\screenshot\M2U\20.png", CONTINUE_ON_FAILURE)

2023-03-17 16:46:22 - [TEST_STEP][NOT_RUN] - getText(findTestObject("Object Repository/MAE Onboarding/android.widget.TextView - Maybank2u"), 0): NOT_RUN: getText(findTestObject("Object Repository/MAE Onboarding/android.widget.TextView - Maybank2u"), 0)

2023-03-17 16:46:22 - [MESSAGE][NOT_RUN] - NOT_RUN: getText(findTestObject("Object Repository/MAE Onboarding/android.widget.TextView - Maybank2u"), 0)

2023-03-17 16:46:22 - [TEST_STEP][NOT_RUN] - tap(findTestObject("Object Repository/MAE Onboarding/android.widget.TextView - Maybank2u"), 0): NOT_RUN: tap(findTestObject("Object Repository/MAE Onboarding/android.widget.TextView - Maybank2u"), 0)

2023-03-17 16:46:22 - [MESSAGE][NOT_RUN] - NOT_RUN: tap(findTestObject("Object Repository/MAE Onboarding/android.widget.TextView - Maybank2u"), 0)

2023-03-17 16:46:22 - [TEST_STEP][NOT_RUN] - getText(findTestObject("Object Repository/MAE Onboarding/android.widget.TextView - Total Balance"), 0): NOT_RUN: getText(findTestObject("Object Repository/MAE Onboarding/android.widget.TextView - Total Balance"), 0)

2023-03-17 16:46:22 - [MESSAGE][NOT_RUN] - NOT_RUN: getText(findTestObject("Object Repository/MAE Onboarding/android.widget.TextView - Total Balance"), 0)

2023-03-17 16:46:22 - [TEST_STEP][NOT_RUN] - getText(findTestObject("Object Repository/MAE Onboarding/android.widget.TextView - Savings Account-i"), 0): NOT_RUN: getText(findTestObject("Object Repository/MAE Onboarding/android.widget.TextView - Savings Account-i"), 0)

2023-03-17 16:46:22 - [MESSAGE][NOT_RUN] - NOT_RUN: getText(findTestObject("Object Repository/MAE Onboarding/android.widget.TextView - Savings Account-i"), 0)

2023-03-17 16:46:22 - [TEST_STEP][NOT_RUN] - takeScreenshot("C:\Users\00123955\git\screenshot\M2U\21.png", CONTINUE_ON_FAILURE): NOT_RUN: takeScreenshot("C:\Users\00123955\git\screenshot\M2U\21.png", CONTINUE_ON_FAILURE)

2023-03-17 16:46:22 - [MESSAGE][NOT_RUN] - NOT_RUN: takeScreenshot("C:\Users\00123955\git\screenshot\M2U\21.png", CONTINUE_ON_FAILURE)

2023-03-17 16:46:22 - [TEST_STEP][NOT_RUN] - tap(findTestObject("Object Repository/MAE Onboarding/android.widget.TextView - Savings Account-i"), 0): NOT_RUN: tap(findTestObject("Object Repository/MAE Onboarding/android.widget.TextView - Savings Account-i"), 0)

2023-03-17 16:46:22 - [MESSAGE][NOT_RUN] - NOT_RUN: tap(findTestObject("Object Repository/MAE Onboarding/android.widget.TextView - Savings Account-i"), 0)

2023-03-17 16:46:22 - [TEST_STEP][NOT_RUN] - getText(findTestObject("Object Repository/MAE Onboarding/android.widget.TextView - Transfer"), 0): NOT_RUN: getText(findTestObject("Object Repository/MAE Onboarding/android.widget.TextView - Transfer"), 0)

2023-03-17 16:46:22 - [MESSAGE][NOT_RUN] - NOT_RUN: getText(findTestObject("Object Repository/MAE Onboarding/android.widget.TextView - Transfer"), 0)

2023-03-17 16:46:22 - [TEST_STEP][NOT_RUN] - tap(findTestObject("Object Repository/MAE Onboarding/android.widget.TextView - Transfer"), 0): NOT_RUN: tap(findTestObject("Object Repository/MAE Onboarding/android.widget.TextView - Transfer"), 0)

2023-03-17 16:46:22 - [MESSAGE][NOT_RUN] - NOT_RUN: tap(findTestObject("Object Repository/MAE Onboarding/android.widget.TextView - Transfer"), 0)

2023-03-17 16:46:22 - [TEST_STEP][PASSED] - closeApplication(): Close app successfully

2023-03-17 16:46:23 - [MESSAGE][PASSED] - Close app successfully]]></system-out>
         <system-err><![CDATA[]]></system-err>
      </testcase>
      <system-out><![CDATA[2023-03-17 16:45:13 - [TEST_SUITE][PASSED] - MAE_TS1: Test Cases/Mobile TC/MAE Onboarding]]></system-out>
      <system-err><![CDATA[]]></system-err>
   </testsuite>
</testsuites>
