<?xml version="1.0" encoding="UTF-8"?>
<testsuites name="MAE_TS1" time="134.679" tests="1" failures="0" errors="0">
   <testsuite name="MAE_TS1" tests="1" failures="0" errors="0" time="134.679" skipped="0" timestamp="2023-03-17 16:27:54" hostname="00123955 - L181102205W10.mshome.net" id="Test Suites/MAE_TS1">
      <properties>
         <property name="deviceName" value="samsung SM-G998B (Android 11)"/>
         <property name="devicePlatform" value=""/>
         <property name="logFolder" value="C:\\Users\\00123955\\git\\showcaseGITmarch\\Reports\\20230317_162745\\MAE_TS1\\20230317_162748"/>
         <property name="logFiles" value="C:\\Users\\00123955\\git\\showcaseGITmarch\\Reports\\20230317_162745\\MAE_TS1\\20230317_162748\\appium.log, C:\\Users\\00123955\\git\\showcaseGITmarch\\Reports\\20230317_162745\\MAE_TS1\\20230317_162748\\execution0.log"/>
         <property name="attachments" value="C:\\Users\\00123955\\git\\showcaseGITmarch\\Reports\\20230317_162745\\MAE_TS1\\20230317_162748\\1679041693441.png"/>
         <property name="hostName" value="00123955 - L181102205W10.mshome.net"/>
         <property name="os" value="Windows 10 64bit"/>
         <property name="appiumServerStatus" value="{&quot;value&quot;:{&quot;build&quot;:{&quot;version&quot;:&quot;1.18.1&quot;}},&quot;sessionId&quot;:null,&quot;status&quot;:0}"/>
         <property name="katalonVersion" value="8.5.5.208"/>
         <property name="deviceOS" value="Android"/>
         <property name="appiumVersion" value="1.18.1"/>
         <property name="deviceModel" value="SM-G998B"/>
         <property name="hostAddress" value="192.168.174.129"/>
         <property name="deviceManufacturer" value="samsung"/>
         <property name="deviceId" value="R5CR704KXSR"/>
         <property name="deviceName" value="samsung SM-G998B (Android 11)"/>
         <property name="deviceOSVersion" value="11"/>
      </properties>
      <testcase name="Test Cases/Mobile TC/MAE Onboarding" time="134.33" classname="Test Cases/Mobile TC/MAE Onboarding" status="PASSED">
         <system-out><![CDATA[2023-03-17 16:27:54 - [TEST_CASE][PASSED] - Test Cases/Mobile TC/MAE Onboarding: Test Cases/Mobile TC/MAE Onboarding

2023-03-17 16:27:55 - [TEST_STEP][PASSED] - startExistingApplication("com.maybank2u.life", CONTINUE_ON_FAILURE): Starting app with application ID: 'com.maybank2u.life'

2023-03-17 16:27:56 - [MESSAGE][INFO] - Detected NodeJS location: "C:\Program Files\nodejs\node.exe"

2023-03-17 16:28:00 - [MESSAGE][INFO] - Appium server started on port 55,513

2023-03-17 16:28:13 - [MESSAGE][PASSED] - Starting app with application ID: 'com.maybank2u.life'

2023-03-17 16:28:13 - [TEST_STEP][PASSED] - takeScreenshot(): Screenshot is taken

2023-03-17 16:28:13 - [MESSAGE][PASSED] - Screenshot is taken
[[ATTACHMENT|C:\\Users\\00123955\\git\\showcaseGITmarch\\Reports\\20230317_162745\\MAE_TS1\\20230317_162748\\1679041693441.png]]

2023-03-17 16:28:13 - [TEST_STEP][PASSED] - getText(findTestObject("Object Repository/MAE Onboarding/android.widget.TextView - Skip"), 0): Text of element 'Object Repository/MAE Onboarding/android.widget.TextView - Skip' is: 'Skip'

2023-03-17 16:28:14 - [MESSAGE][WARNING] - Timeout '0' is invalid. Using default page load timeout: '30'

2023-03-17 16:28:16 - [MESSAGE][PASSED] - Text of element 'Object Repository/MAE Onboarding/android.widget.TextView - Skip' is: 'Skip'

2023-03-17 16:28:16 - [TEST_STEP][PASSED] - tap(findTestObject("Object Repository/MAE Onboarding/android.widget.TextView - Skip"), 0): Tapped on element 'Object Repository/MAE Onboarding/android.widget.TextView - Skip'

2023-03-17 16:28:16 - [MESSAGE][WARNING] - Timeout '0' is invalid. Using default page load timeout: '30'

2023-03-17 16:28:16 - [MESSAGE][PASSED] - Tapped on element 'Object Repository/MAE Onboarding/android.widget.TextView - Skip'

2023-03-17 16:28:16 - [TEST_STEP][PASSED] - getText(findTestObject("Object Repository/MAE Onboarding/android.widget.TextView - Agree"), 0): Text of element 'Object Repository/MAE Onboarding/android.widget.TextView - Agree' is: 'Agree'

2023-03-17 16:28:16 - [MESSAGE][WARNING] - Timeout '0' is invalid. Using default page load timeout: '30'

2023-03-17 16:28:17 - [MESSAGE][PASSED] - Text of element 'Object Repository/MAE Onboarding/android.widget.TextView - Agree' is: 'Agree'

2023-03-17 16:28:17 - [TEST_STEP][PASSED] - takeScreenshot("", CONTINUE_ON_FAILURE): Screenshot is taken

2023-03-17 16:28:17 - [MESSAGE][WARNING] - 

2023-03-17 16:28:17 - [MESSAGE][PASSED] - Screenshot is taken

2023-03-17 16:28:17 - [TEST_STEP][PASSED] - tap(findTestObject("Object Repository/MAE Onboarding/android.widget.TextView - Agree"), 0): Tapped on element 'Object Repository/MAE Onboarding/android.widget.TextView - Agree'

2023-03-17 16:28:17 - [MESSAGE][WARNING] - Timeout '0' is invalid. Using default page load timeout: '30'

2023-03-17 16:28:18 - [MESSAGE][PASSED] - Tapped on element 'Object Repository/MAE Onboarding/android.widget.TextView - Agree'

2023-03-17 16:28:18 - [TEST_STEP][PASSED] - getText(findTestObject("Object Repository/MAE Onboarding/android.widget.TextView - Hello"), 0): Text of element 'Object Repository/MAE Onboarding/android.widget.TextView - Hello' is: 'Hello!'

2023-03-17 16:28:18 - [MESSAGE][WARNING] - Timeout '0' is invalid. Using default page load timeout: '30'

2023-03-17 16:28:20 - [MESSAGE][PASSED] - Text of element 'Object Repository/MAE Onboarding/android.widget.TextView - Hello' is: 'Hello!'

2023-03-17 16:28:20 - [TEST_STEP][PASSED] - tap(findTestObject("Object Repository/MAE Onboarding/android.widget.TextView - Hello"), 0): Tapped on element 'Object Repository/MAE Onboarding/android.widget.TextView - Hello'

2023-03-17 16:28:20 - [MESSAGE][WARNING] - Timeout '0' is invalid. Using default page load timeout: '30'

2023-03-17 16:28:21 - [MESSAGE][PASSED] - Tapped on element 'Object Repository/MAE Onboarding/android.widget.TextView - Hello'

2023-03-17 16:28:21 - [TEST_STEP][PASSED] - getText(findTestObject("Object Repository/MAE Onboarding/android.widget.TextView - Existing M2UMAE user Log in here"), 0): Text of element 'Object Repository/MAE Onboarding/android.widget.TextView - Existing M2UMAE user Log in here' is: 'Existing M2U/MAE user? Log in here'

2023-03-17 16:28:21 - [MESSAGE][WARNING] - Timeout '0' is invalid. Using default page load timeout: '30'

2023-03-17 16:28:22 - [MESSAGE][PASSED] - Text of element 'Object Repository/MAE Onboarding/android.widget.TextView - Existing M2UMAE user Log in here' is: 'Existing M2U/MAE user? Log in here'

2023-03-17 16:28:22 - [TEST_STEP][PASSED] - takeScreenshot("", CONTINUE_ON_FAILURE): Screenshot is taken

2023-03-17 16:28:23 - [MESSAGE][WARNING] - 

2023-03-17 16:28:23 - [MESSAGE][PASSED] - Screenshot is taken

2023-03-17 16:28:23 - [TEST_STEP][PASSED] - tap(findTestObject("Object Repository/MAE Onboarding/android.widget.TextView - Existing M2UMAE user Log in here"), 0): Tapped on element 'Object Repository/MAE Onboarding/android.widget.TextView - Existing M2UMAE user Log in here'

2023-03-17 16:28:23 - [MESSAGE][WARNING] - Timeout '0' is invalid. Using default page load timeout: '30'

2023-03-17 16:28:23 - [MESSAGE][PASSED] - Tapped on element 'Object Repository/MAE Onboarding/android.widget.TextView - Existing M2UMAE user Log in here'

2023-03-17 16:28:23 - [TEST_STEP][PASSED] - getText(findTestObject("Object Repository/MAE Onboarding/android.widget.TextView - Login to Maybank2u"), 0): Text of element 'Object Repository/MAE Onboarding/android.widget.TextView - Login to Maybank2u' is: 'Login to Maybank2u'

2023-03-17 16:28:23 - [MESSAGE][WARNING] - Timeout '0' is invalid. Using default page load timeout: '30'

2023-03-17 16:28:25 - [MESSAGE][PASSED] - Text of element 'Object Repository/MAE Onboarding/android.widget.TextView - Login to Maybank2u' is: 'Login to Maybank2u'

2023-03-17 16:28:25 - [TEST_STEP][PASSED] - setText(findTestObject("MAE Onboarding/android.widget.EditText"), "mosajgohar1", 0): Text 'mosajgohar1' has been set to element 'Object Repository/MAE Onboarding/android.widget.EditText'

2023-03-17 16:28:25 - [MESSAGE][WARNING] - Timeout '0' is invalid. Using default page load timeout: '30'

2023-03-17 16:28:26 - [MESSAGE][PASSED] - Text 'mosajgohar1' has been set to element 'Object Repository/MAE Onboarding/android.widget.EditText'

2023-03-17 16:28:26 - [TEST_STEP][PASSED] - hideKeyboard(): Keyboard is hidden

2023-03-17 16:28:27 - [MESSAGE][PASSED] - Keyboard is hidden

2023-03-17 16:28:27 - [TEST_STEP][PASSED] - takeScreenshot("", CONTINUE_ON_FAILURE): Screenshot is taken

2023-03-17 16:28:28 - [MESSAGE][WARNING] - 

2023-03-17 16:28:28 - [MESSAGE][PASSED] - Screenshot is taken

2023-03-17 16:28:28 - [TEST_STEP][PASSED] - getText(findTestObject("MAE Onboarding/android.widget.TextView - Continue"), 0): Text of element 'Object Repository/MAE Onboarding/android.widget.TextView - Continue' is: 'Continue'

2023-03-17 16:28:28 - [MESSAGE][WARNING] - Timeout '0' is invalid. Using default page load timeout: '30'

2023-03-17 16:28:28 - [MESSAGE][PASSED] - Text of element 'Object Repository/MAE Onboarding/android.widget.TextView - Continue' is: 'Continue'

2023-03-17 16:28:28 - [TEST_STEP][PASSED] - tap(findTestObject("MAE Onboarding/android.widget.TextView - Continue"), 0): Tapped on element 'Object Repository/MAE Onboarding/android.widget.TextView - Continue'

2023-03-17 16:28:28 - [MESSAGE][WARNING] - Timeout '0' is invalid. Using default page load timeout: '30'

2023-03-17 16:28:28 - [MESSAGE][PASSED] - Tapped on element 'Object Repository/MAE Onboarding/android.widget.TextView - Continue'

2023-03-17 16:28:28 - [TEST_STEP][PASSED] - getText(findTestObject("Object Repository/MAE Onboarding/android.widget.TextView - cap"), 0): Text of element 'Object Repository/MAE Onboarding/android.widget.TextView - cap' is: 'cap'

2023-03-17 16:28:28 - [MESSAGE][WARNING] - Timeout '0' is invalid. Using default page load timeout: '30'

2023-03-17 16:28:30 - [MESSAGE][PASSED] - Text of element 'Object Repository/MAE Onboarding/android.widget.TextView - cap' is: 'cap'

2023-03-17 16:28:30 - [TEST_STEP][PASSED] - getText(findTestObject("Object Repository/MAE Onboarding/android.widget.TextView - Yes, Its Mine"), 0): Text of element 'Object Repository/MAE Onboarding/android.widget.TextView - Yes, Its Mine' is: 'Yes, It’s Mine'

2023-03-17 16:28:30 - [MESSAGE][WARNING] - Timeout '0' is invalid. Using default page load timeout: '30'

2023-03-17 16:28:30 - [MESSAGE][PASSED] - Text of element 'Object Repository/MAE Onboarding/android.widget.TextView - Yes, Its Mine' is: 'Yes, It’s Mine'

2023-03-17 16:28:30 - [TEST_STEP][PASSED] - takeScreenshot("", CONTINUE_ON_FAILURE): Screenshot is taken

2023-03-17 16:28:31 - [MESSAGE][WARNING] - 

2023-03-17 16:28:31 - [MESSAGE][PASSED] - Screenshot is taken

2023-03-17 16:28:31 - [TEST_STEP][PASSED] - tap(findTestObject("Object Repository/MAE Onboarding/android.widget.TextView - Yes, Its Mine"), 0): Tapped on element 'Object Repository/MAE Onboarding/android.widget.TextView - Yes, Its Mine'

2023-03-17 16:28:31 - [MESSAGE][WARNING] - Timeout '0' is invalid. Using default page load timeout: '30'

2023-03-17 16:28:31 - [MESSAGE][PASSED] - Tapped on element 'Object Repository/MAE Onboarding/android.widget.TextView - Yes, Its Mine'

2023-03-17 16:28:31 - [TEST_STEP][PASSED] - getText(findTestObject("Object Repository/MAE Onboarding/android.widget.TextView - Enter your password"), 0): Text of element 'Object Repository/MAE Onboarding/android.widget.TextView - Enter your password' is: 'Enter your password'

2023-03-17 16:28:31 - [MESSAGE][WARNING] - Timeout '0' is invalid. Using default page load timeout: '30'

2023-03-17 16:28:32 - [MESSAGE][PASSED] - Text of element 'Object Repository/MAE Onboarding/android.widget.TextView - Enter your password' is: 'Enter your password'

2023-03-17 16:28:32 - [TEST_STEP][PASSED] - setText(findTestObject("Object Repository/MAE Onboarding/android.widget.EditText (1)"), findTestData("DevOps").getValue(2, 1), 0): Text 'Mayesha@2' has been set to element 'Object Repository/MAE Onboarding/android.widget.EditText (1)'

2023-03-17 16:28:42 - [MESSAGE][WARNING] - Timeout '0' is invalid. Using default page load timeout: '30'

2023-03-17 16:28:43 - [MESSAGE][PASSED] - Text 'Mayesha@2' has been set to element 'Object Repository/MAE Onboarding/android.widget.EditText (1)'

2023-03-17 16:28:43 - [TEST_STEP][PASSED] - hideKeyboard(): Keyboard is hidden

2023-03-17 16:28:45 - [MESSAGE][PASSED] - Keyboard is hidden

2023-03-17 16:28:45 - [TEST_STEP][PASSED] - getText(findTestObject("Object Repository/MAE Onboarding/android.widget.TextView - Continue (1)"), 0): Text of element 'Object Repository/MAE Onboarding/android.widget.TextView - Continue (1)' is: 'Continue'

2023-03-17 16:28:45 - [MESSAGE][WARNING] - Timeout '0' is invalid. Using default page load timeout: '30'

2023-03-17 16:28:45 - [MESSAGE][PASSED] - Text of element 'Object Repository/MAE Onboarding/android.widget.TextView - Continue (1)' is: 'Continue'

2023-03-17 16:28:45 - [TEST_STEP][PASSED] - tap(findTestObject("Object Repository/MAE Onboarding/android.widget.TextView - Continue (1)"), 0): Tapped on element 'Object Repository/MAE Onboarding/android.widget.TextView - Continue (1)'

2023-03-17 16:28:45 - [MESSAGE][WARNING] - Timeout '0' is invalid. Using default page load timeout: '30'

2023-03-17 16:28:46 - [MESSAGE][PASSED] - Tapped on element 'Object Repository/MAE Onboarding/android.widget.TextView - Continue (1)'

2023-03-17 16:28:46 - [TEST_STEP][PASSED] - getText(findTestObject("Object Repository/MAE Onboarding/android.widget.TextView - Create your PIN for the app"), 0): Text of element 'Object Repository/MAE Onboarding/android.widget.TextView - Create your PIN for the app' is: 'Create your PIN for the app'

2023-03-17 16:28:46 - [MESSAGE][WARNING] - Timeout '0' is invalid. Using default page load timeout: '30'

2023-03-17 16:28:48 - [MESSAGE][PASSED] - Text of element 'Object Repository/MAE Onboarding/android.widget.TextView - Create your PIN for the app' is: 'Create your PIN for the app'

2023-03-17 16:28:48 - [TEST_STEP][PASSED] - takeScreenshot("", CONTINUE_ON_FAILURE): Screenshot is taken

2023-03-17 16:28:48 - [MESSAGE][WARNING] - 

2023-03-17 16:28:48 - [MESSAGE][PASSED] - Screenshot is taken

2023-03-17 16:28:48 - [TEST_STEP][PASSED] - tap(findTestObject("Object Repository/MAE Onboarding/android.widget.TextView - 1"), 0): Tapped on element 'Object Repository/MAE Onboarding/android.widget.TextView - 1'

2023-03-17 16:28:48 - [MESSAGE][WARNING] - Timeout '0' is invalid. Using default page load timeout: '30'

2023-03-17 16:28:48 - [MESSAGE][PASSED] - Tapped on element 'Object Repository/MAE Onboarding/android.widget.TextView - 1'

2023-03-17 16:28:48 - [TEST_STEP][PASSED] - tap(findTestObject("Object Repository/MAE Onboarding/android.widget.TextView - 1"), 0): Tapped on element 'Object Repository/MAE Onboarding/android.widget.TextView - 1'

2023-03-17 16:28:49 - [MESSAGE][WARNING] - Timeout '0' is invalid. Using default page load timeout: '30'

2023-03-17 16:28:50 - [MESSAGE][PASSED] - Tapped on element 'Object Repository/MAE Onboarding/android.widget.TextView - 1'

2023-03-17 16:28:50 - [TEST_STEP][PASSED] - tap(findTestObject("Object Repository/MAE Onboarding/android.widget.TextView - 1"), 0): Tapped on element 'Object Repository/MAE Onboarding/android.widget.TextView - 1'

2023-03-17 16:28:50 - [MESSAGE][WARNING] - Timeout '0' is invalid. Using default page load timeout: '30'

2023-03-17 16:28:52 - [MESSAGE][PASSED] - Tapped on element 'Object Repository/MAE Onboarding/android.widget.TextView - 1'

2023-03-17 16:28:52 - [TEST_STEP][PASSED] - tap(findTestObject("Object Repository/MAE Onboarding/android.widget.TextView - 1"), 0): Tapped on element 'Object Repository/MAE Onboarding/android.widget.TextView - 1'

2023-03-17 16:28:52 - [MESSAGE][WARNING] - Timeout '0' is invalid. Using default page load timeout: '30'

2023-03-17 16:28:54 - [MESSAGE][PASSED] - Tapped on element 'Object Repository/MAE Onboarding/android.widget.TextView - 1'

2023-03-17 16:28:54 - [TEST_STEP][PASSED] - tap(findTestObject("Object Repository/MAE Onboarding/android.widget.TextView - 1"), 0): Tapped on element 'Object Repository/MAE Onboarding/android.widget.TextView - 1'

2023-03-17 16:28:54 - [MESSAGE][WARNING] - Timeout '0' is invalid. Using default page load timeout: '30'

2023-03-17 16:28:56 - [MESSAGE][PASSED] - Tapped on element 'Object Repository/MAE Onboarding/android.widget.TextView - 1'

2023-03-17 16:28:56 - [TEST_STEP][PASSED] - tap(findTestObject("Object Repository/MAE Onboarding/android.widget.TextView - 1"), 0): Tapped on element 'Object Repository/MAE Onboarding/android.widget.TextView - 1'

2023-03-17 16:28:56 - [MESSAGE][WARNING] - Timeout '0' is invalid. Using default page load timeout: '30'

2023-03-17 16:28:57 - [MESSAGE][PASSED] - Tapped on element 'Object Repository/MAE Onboarding/android.widget.TextView - 1'

2023-03-17 16:28:57 - [TEST_STEP][PASSED] - takeScreenshot("", CONTINUE_ON_FAILURE): Screenshot is taken

2023-03-17 16:28:58 - [MESSAGE][WARNING] - 

2023-03-17 16:28:58 - [MESSAGE][PASSED] - Screenshot is taken

2023-03-17 16:28:58 - [TEST_STEP][PASSED] - tap(findTestObject("Object Repository/MAE Onboarding/android.widget.ImageView"), 0): Tapped on element 'Object Repository/MAE Onboarding/android.widget.ImageView'

2023-03-17 16:28:58 - [MESSAGE][WARNING] - Timeout '0' is invalid. Using default page load timeout: '30'

2023-03-17 16:29:00 - [MESSAGE][PASSED] - Tapped on element 'Object Repository/MAE Onboarding/android.widget.ImageView'

2023-03-17 16:29:00 - [TEST_STEP][PASSED] - getText(findTestObject("Object Repository/MAE Onboarding/android.widget.TextView - Confirm your 6-digit PIN"), 0): Text of element 'Object Repository/MAE Onboarding/android.widget.TextView - Confirm your 6-digit PIN' is: 'Confirm your 6-digit PIN'

2023-03-17 16:29:00 - [MESSAGE][WARNING] - Timeout '0' is invalid. Using default page load timeout: '30'

2023-03-17 16:29:00 - [MESSAGE][PASSED] - Text of element 'Object Repository/MAE Onboarding/android.widget.TextView - Confirm your 6-digit PIN' is: 'Confirm your 6-digit PIN'

2023-03-17 16:29:00 - [TEST_STEP][PASSED] - tap(findTestObject("Object Repository/MAE Onboarding/android.widget.TextView - 1"), 0): Tapped on element 'Object Repository/MAE Onboarding/android.widget.TextView - 1'

2023-03-17 16:29:00 - [MESSAGE][WARNING] - Timeout '0' is invalid. Using default page load timeout: '30'

2023-03-17 16:29:01 - [MESSAGE][PASSED] - Tapped on element 'Object Repository/MAE Onboarding/android.widget.TextView - 1'

2023-03-17 16:29:01 - [TEST_STEP][PASSED] - tap(findTestObject("Object Repository/MAE Onboarding/android.widget.TextView - 1"), 0): Tapped on element 'Object Repository/MAE Onboarding/android.widget.TextView - 1'

2023-03-17 16:29:01 - [MESSAGE][WARNING] - Timeout '0' is invalid. Using default page load timeout: '30'

2023-03-17 16:29:02 - [MESSAGE][PASSED] - Tapped on element 'Object Repository/MAE Onboarding/android.widget.TextView - 1'

2023-03-17 16:29:02 - [TEST_STEP][PASSED] - tap(findTestObject("Object Repository/MAE Onboarding/android.widget.TextView - 1"), 0): Tapped on element 'Object Repository/MAE Onboarding/android.widget.TextView - 1'

2023-03-17 16:29:03 - [MESSAGE][WARNING] - Timeout '0' is invalid. Using default page load timeout: '30'

2023-03-17 16:29:04 - [MESSAGE][PASSED] - Tapped on element 'Object Repository/MAE Onboarding/android.widget.TextView - 1'

2023-03-17 16:29:04 - [TEST_STEP][PASSED] - tap(findTestObject("Object Repository/MAE Onboarding/android.widget.TextView - 1"), 0): Tapped on element 'Object Repository/MAE Onboarding/android.widget.TextView - 1'

2023-03-17 16:29:04 - [MESSAGE][WARNING] - Timeout '0' is invalid. Using default page load timeout: '30'

2023-03-17 16:29:06 - [MESSAGE][PASSED] - Tapped on element 'Object Repository/MAE Onboarding/android.widget.TextView - 1'

2023-03-17 16:29:06 - [TEST_STEP][PASSED] - tap(findTestObject("Object Repository/MAE Onboarding/android.widget.TextView - 1"), 0): Tapped on element 'Object Repository/MAE Onboarding/android.widget.TextView - 1'

2023-03-17 16:29:06 - [MESSAGE][WARNING] - Timeout '0' is invalid. Using default page load timeout: '30'

2023-03-17 16:29:08 - [MESSAGE][PASSED] - Tapped on element 'Object Repository/MAE Onboarding/android.widget.TextView - 1'

2023-03-17 16:29:08 - [TEST_STEP][PASSED] - tap(findTestObject("Object Repository/MAE Onboarding/android.widget.TextView - 1"), 0): Tapped on element 'Object Repository/MAE Onboarding/android.widget.TextView - 1'

2023-03-17 16:29:08 - [MESSAGE][WARNING] - Timeout '0' is invalid. Using default page load timeout: '30'

2023-03-17 16:29:09 - [MESSAGE][PASSED] - Tapped on element 'Object Repository/MAE Onboarding/android.widget.TextView - 1'

2023-03-17 16:29:09 - [TEST_STEP][PASSED] - takeScreenshot("", CONTINUE_ON_FAILURE): Screenshot is taken

2023-03-17 16:29:10 - [MESSAGE][WARNING] - 

2023-03-17 16:29:10 - [MESSAGE][PASSED] - Screenshot is taken

2023-03-17 16:29:10 - [TEST_STEP][PASSED] - tap(findTestObject("Object Repository/MAE Onboarding/android.widget.ImageView"), 0): Tapped on element 'Object Repository/MAE Onboarding/android.widget.ImageView'

2023-03-17 16:29:10 - [MESSAGE][WARNING] - Timeout '0' is invalid. Using default page load timeout: '30'

2023-03-17 16:29:11 - [MESSAGE][PASSED] - Tapped on element 'Object Repository/MAE Onboarding/android.widget.ImageView'

2023-03-17 16:29:11 - [TEST_STEP][PASSED] - getText(findTestObject("Object Repository/MAE Onboarding/android.widget.TextView - Set Up Later"), 0): Text of element 'Object Repository/MAE Onboarding/android.widget.TextView - Set Up Later' is: 'Set Up Later'

2023-03-17 16:29:11 - [MESSAGE][WARNING] - Timeout '0' is invalid. Using default page load timeout: '30'

2023-03-17 16:29:13 - [MESSAGE][PASSED] - Text of element 'Object Repository/MAE Onboarding/android.widget.TextView - Set Up Later' is: 'Set Up Later'

2023-03-17 16:29:13 - [TEST_STEP][PASSED] - tap(findTestObject("Object Repository/MAE Onboarding/android.widget.TextView - Set Up Later"), 0): Tapped on element 'Object Repository/MAE Onboarding/android.widget.TextView - Set Up Later'

2023-03-17 16:29:13 - [MESSAGE][WARNING] - Timeout '0' is invalid. Using default page load timeout: '30'

2023-03-17 16:29:13 - [MESSAGE][PASSED] - Tapped on element 'Object Repository/MAE Onboarding/android.widget.TextView - Set Up Later'

2023-03-17 16:29:13 - [TEST_STEP][PASSED] - getText(findTestObject("Object Repository/MAE Onboarding/android.widget.TextView - Verify Number"), 0): Text of element 'Object Repository/MAE Onboarding/android.widget.TextView - Verify Number' is: 'Verify Number'

2023-03-17 16:29:13 - [MESSAGE][WARNING] - Timeout '0' is invalid. Using default page load timeout: '30'

2023-03-17 16:29:15 - [MESSAGE][PASSED] - Text of element 'Object Repository/MAE Onboarding/android.widget.TextView - Verify Number' is: 'Verify Number'

2023-03-17 16:29:15 - [TEST_STEP][PASSED] - getText(findTestObject("Object Repository/MAE Onboarding/android.widget.TextView - Yes, Proceed"), 0): Text of element 'Object Repository/MAE Onboarding/android.widget.TextView - Yes, Proceed' is: 'Yes, Proceed'

2023-03-17 16:29:15 - [MESSAGE][WARNING] - Timeout '0' is invalid. Using default page load timeout: '30'

2023-03-17 16:29:15 - [MESSAGE][PASSED] - Text of element 'Object Repository/MAE Onboarding/android.widget.TextView - Yes, Proceed' is: 'Yes, Proceed'

2023-03-17 16:29:15 - [TEST_STEP][PASSED] - takeScreenshot("", CONTINUE_ON_FAILURE): Screenshot is taken

2023-03-17 16:29:16 - [MESSAGE][WARNING] - 

2023-03-17 16:29:16 - [MESSAGE][PASSED] - Screenshot is taken

2023-03-17 16:29:16 - [TEST_STEP][PASSED] - tap(findTestObject("Object Repository/MAE Onboarding/android.widget.TextView - Yes, Proceed"), 0): Tapped on element 'Object Repository/MAE Onboarding/android.widget.TextView - Yes, Proceed'

2023-03-17 16:29:16 - [MESSAGE][WARNING] - Timeout '0' is invalid. Using default page load timeout: '30'

2023-03-17 16:29:16 - [MESSAGE][PASSED] - Tapped on element 'Object Repository/MAE Onboarding/android.widget.TextView - Yes, Proceed'

2023-03-17 16:29:16 - [TEST_STEP][PASSED] - delay(20): Delayed 20 second(s)

2023-03-17 16:29:36 - [MESSAGE][PASSED] - Delayed 20 second(s)

2023-03-17 16:29:36 - [TEST_STEP][PASSED] - takeScreenshot("", CONTINUE_ON_FAILURE): Screenshot is taken

2023-03-17 16:29:36 - [MESSAGE][WARNING] - 

2023-03-17 16:29:36 - [MESSAGE][PASSED] - Screenshot is taken

2023-03-17 16:29:36 - [TEST_STEP][PASSED] - tap(findTestObject("Object Repository/MAE Onboarding/android.widget.ImageView"), 0): Tapped on element 'Object Repository/MAE Onboarding/android.widget.ImageView'

2023-03-17 16:29:36 - [MESSAGE][WARNING] - Timeout '0' is invalid. Using default page load timeout: '30'

2023-03-17 16:29:37 - [MESSAGE][PASSED] - Tapped on element 'Object Repository/MAE Onboarding/android.widget.ImageView'

2023-03-17 16:29:37 - [TEST_STEP][PASSED] - getText(findTestObject("Object Repository/MAE Onboarding/android.widget.EditText - Enter your name"), 0): Text of element 'Object Repository/MAE Onboarding/android.widget.EditText - Enter your name' is: 'Enter your name'

2023-03-17 16:29:37 - [MESSAGE][WARNING] - Timeout '0' is invalid. Using default page load timeout: '30'

2023-03-17 16:29:40 - [MESSAGE][PASSED] - Text of element 'Object Repository/MAE Onboarding/android.widget.EditText - Enter your name' is: 'Enter your name'

2023-03-17 16:29:40 - [TEST_STEP][PASSED] - setText(findTestObject("Object Repository/MAE Onboarding/android.widget.EditText - Enter your name"), "Mayesha", 0): Text 'Mayesha' has been set to element 'Object Repository/MAE Onboarding/android.widget.EditText - Enter your name'

2023-03-17 16:29:40 - [MESSAGE][WARNING] - Timeout '0' is invalid. Using default page load timeout: '30'

2023-03-17 16:29:41 - [MESSAGE][PASSED] - Text 'Mayesha' has been set to element 'Object Repository/MAE Onboarding/android.widget.EditText - Enter your name'

2023-03-17 16:29:41 - [TEST_STEP][PASSED] - hideKeyboard(): Keyboard is hidden

2023-03-17 16:29:41 - [MESSAGE][PASSED] - Keyboard is hidden

2023-03-17 16:29:41 - [TEST_STEP][PASSED] - getText(findTestObject("MAE Onboarding/android.widget.TextView - Continue"), 0): Text of element 'Object Repository/MAE Onboarding/android.widget.TextView - Continue' is: 'Continue'

2023-03-17 16:29:42 - [MESSAGE][WARNING] - Timeout '0' is invalid. Using default page load timeout: '30'

2023-03-17 16:29:42 - [MESSAGE][PASSED] - Text of element 'Object Repository/MAE Onboarding/android.widget.TextView - Continue' is: 'Continue'

2023-03-17 16:29:42 - [TEST_STEP][PASSED] - takeScreenshot("", CONTINUE_ON_FAILURE): Screenshot is taken

2023-03-17 16:29:42 - [MESSAGE][WARNING] - 

2023-03-17 16:29:42 - [MESSAGE][PASSED] - Screenshot is taken

2023-03-17 16:29:42 - [TEST_STEP][PASSED] - tap(findTestObject("MAE Onboarding/android.widget.TextView - Continue"), 0): Tapped on element 'Object Repository/MAE Onboarding/android.widget.TextView - Continue'

2023-03-17 16:29:42 - [MESSAGE][WARNING] - Timeout '0' is invalid. Using default page load timeout: '30'

2023-03-17 16:29:42 - [MESSAGE][PASSED] - Tapped on element 'Object Repository/MAE Onboarding/android.widget.TextView - Continue'

2023-03-17 16:29:42 - [TEST_STEP][PASSED] - getText(findTestObject("Object Repository/MAE Onboarding/android.widget.TextView - Introducing Wallet"), 0): Text of element 'Object Repository/MAE Onboarding/android.widget.TextView - Introducing Wallet' is: 'Introducing Wallet'

2023-03-17 16:29:42 - [MESSAGE][WARNING] - Timeout '0' is invalid. Using default page load timeout: '30'

2023-03-17 16:29:45 - [MESSAGE][PASSED] - Text of element 'Object Repository/MAE Onboarding/android.widget.TextView - Introducing Wallet' is: 'Introducing Wallet'

2023-03-17 16:29:45 - [TEST_STEP][PASSED] - tap(findTestObject("MAE Onboarding/android.widget.TextView - Continue"), 0): Tapped on element 'Object Repository/MAE Onboarding/android.widget.TextView - Continue'

2023-03-17 16:29:45 - [MESSAGE][WARNING] - Timeout '0' is invalid. Using default page load timeout: '30'

2023-03-17 16:29:45 - [MESSAGE][PASSED] - Tapped on element 'Object Repository/MAE Onboarding/android.widget.TextView - Continue'

2023-03-17 16:29:45 - [TEST_STEP][PASSED] - getText(findTestObject("Object Repository/MAE Onboarding/android.widget.TextView - Skip (1)"), 0): Text of element 'Object Repository/MAE Onboarding/android.widget.TextView - Skip (1)' is: 'Skip'

2023-03-17 16:29:45 - [MESSAGE][WARNING] - Timeout '0' is invalid. Using default page load timeout: '30'

2023-03-17 16:29:52 - [MESSAGE][PASSED] - Text of element 'Object Repository/MAE Onboarding/android.widget.TextView - Skip (1)' is: 'Skip'

2023-03-17 16:29:52 - [TEST_STEP][PASSED] - tap(findTestObject("Object Repository/MAE Onboarding/android.widget.TextView - Skip (1)"), 0): Tapped on element 'Object Repository/MAE Onboarding/android.widget.TextView - Skip (1)'

2023-03-17 16:29:53 - [MESSAGE][WARNING] - Timeout '0' is invalid. Using default page load timeout: '30'

2023-03-17 16:29:53 - [MESSAGE][PASSED] - Tapped on element 'Object Repository/MAE Onboarding/android.widget.TextView - Skip (1)'

2023-03-17 16:29:53 - [TEST_STEP][PASSED] - getText(findTestObject("Object Repository/MAE Onboarding/android.widget.TextView - Set Up Successful"), 0): Text of element 'Object Repository/MAE Onboarding/android.widget.TextView - Set Up Successful' is: 'Set Up Successful'

2023-03-17 16:29:53 - [MESSAGE][WARNING] - Timeout '0' is invalid. Using default page load timeout: '30'

2023-03-17 16:29:56 - [MESSAGE][PASSED] - Text of element 'Object Repository/MAE Onboarding/android.widget.TextView - Set Up Successful' is: 'Set Up Successful'

2023-03-17 16:29:56 - [TEST_STEP][PASSED] - takeScreenshot("", CONTINUE_ON_FAILURE): Screenshot is taken

2023-03-17 16:29:57 - [MESSAGE][WARNING] - 

2023-03-17 16:29:57 - [MESSAGE][PASSED] - Screenshot is taken

2023-03-17 16:29:57 - [TEST_STEP][PASSED] - tap(findTestObject("Object Repository/MAE Onboarding/android.widget.TextView - Done"), 0): Tapped on element 'Object Repository/MAE Onboarding/android.widget.TextView - Done'

2023-03-17 16:29:57 - [MESSAGE][WARNING] - Timeout '0' is invalid. Using default page load timeout: '30'

2023-03-17 16:29:57 - [MESSAGE][PASSED] - Tapped on element 'Object Repository/MAE Onboarding/android.widget.TextView - Done'

2023-03-17 16:29:57 - [TEST_STEP][PASSED] - getText(findTestObject("Object Repository/MAE Onboarding/android.widget.TextView - Mayesha"), 0): Text of element 'Object Repository/MAE Onboarding/android.widget.TextView - Mayesha' is: 'Mayesha'

2023-03-17 16:29:57 - [MESSAGE][WARNING] - Timeout '0' is invalid. Using default page load timeout: '30'

2023-03-17 16:30:00 - [MESSAGE][PASSED] - Text of element 'Object Repository/MAE Onboarding/android.widget.TextView - Mayesha' is: 'Mayesha'

2023-03-17 16:30:00 - [TEST_STEP][PASSED] - takeScreenshot("", CONTINUE_ON_FAILURE): Screenshot is taken

2023-03-17 16:30:01 - [MESSAGE][WARNING] - 

2023-03-17 16:30:01 - [MESSAGE][PASSED] - Screenshot is taken

2023-03-17 16:30:01 - [TEST_STEP][PASSED] - getText(findTestObject("Object Repository/MAE Onboarding/android.widget.TextView - Maybank2u"), 0): Text of element 'Object Repository/MAE Onboarding/android.widget.TextView - Maybank2u' is: 'Maybank2u'

2023-03-17 16:30:01 - [MESSAGE][WARNING] - Timeout '0' is invalid. Using default page load timeout: '30'

2023-03-17 16:30:01 - [MESSAGE][PASSED] - Text of element 'Object Repository/MAE Onboarding/android.widget.TextView - Maybank2u' is: 'Maybank2u'

2023-03-17 16:30:01 - [TEST_STEP][PASSED] - tap(findTestObject("Object Repository/MAE Onboarding/android.widget.TextView - Maybank2u"), 0): Tapped on element 'Object Repository/MAE Onboarding/android.widget.TextView - Maybank2u'

2023-03-17 16:30:01 - [MESSAGE][WARNING] - Timeout '0' is invalid. Using default page load timeout: '30'

2023-03-17 16:30:02 - [MESSAGE][PASSED] - Tapped on element 'Object Repository/MAE Onboarding/android.widget.TextView - Maybank2u'

2023-03-17 16:30:02 - [TEST_STEP][PASSED] - getText(findTestObject("Object Repository/MAE Onboarding/android.widget.TextView - Total Balance"), 0): Text of element 'Object Repository/MAE Onboarding/android.widget.TextView - Total Balance' is: 'Total Balance'

2023-03-17 16:30:02 - [MESSAGE][WARNING] - Timeout '0' is invalid. Using default page load timeout: '30'

2023-03-17 16:30:04 - [MESSAGE][PASSED] - Text of element 'Object Repository/MAE Onboarding/android.widget.TextView - Total Balance' is: 'Total Balance'

2023-03-17 16:30:04 - [TEST_STEP][PASSED] - getText(findTestObject("Object Repository/MAE Onboarding/android.widget.TextView - Savings Account-i"), 0): Text of element 'Object Repository/MAE Onboarding/android.widget.TextView - Savings Account-i' is: 'Savings Account-i'

2023-03-17 16:30:04 - [MESSAGE][WARNING] - Timeout '0' is invalid. Using default page load timeout: '30'

2023-03-17 16:30:04 - [MESSAGE][PASSED] - Text of element 'Object Repository/MAE Onboarding/android.widget.TextView - Savings Account-i' is: 'Savings Account-i'

2023-03-17 16:30:04 - [TEST_STEP][PASSED] - takeScreenshot("", CONTINUE_ON_FAILURE): Screenshot is taken

2023-03-17 16:30:05 - [MESSAGE][WARNING] - 

2023-03-17 16:30:05 - [MESSAGE][PASSED] - Screenshot is taken

2023-03-17 16:30:05 - [TEST_STEP][PASSED] - tap(findTestObject("Object Repository/MAE Onboarding/android.widget.TextView - Savings Account-i"), 0): Tapped on element 'Object Repository/MAE Onboarding/android.widget.TextView - Savings Account-i'

2023-03-17 16:30:05 - [MESSAGE][WARNING] - Timeout '0' is invalid. Using default page load timeout: '30'

2023-03-17 16:30:06 - [MESSAGE][PASSED] - Tapped on element 'Object Repository/MAE Onboarding/android.widget.TextView - Savings Account-i'

2023-03-17 16:30:06 - [TEST_STEP][PASSED] - getText(findTestObject("Object Repository/MAE Onboarding/android.widget.TextView - Transfer"), 0): Text of element 'Object Repository/MAE Onboarding/android.widget.TextView - Transfer' is: 'Transfer'

2023-03-17 16:30:06 - [MESSAGE][WARNING] - Timeout '0' is invalid. Using default page load timeout: '30'

2023-03-17 16:30:07 - [MESSAGE][PASSED] - Text of element 'Object Repository/MAE Onboarding/android.widget.TextView - Transfer' is: 'Transfer'

2023-03-17 16:30:07 - [TEST_STEP][PASSED] - tap(findTestObject("Object Repository/MAE Onboarding/android.widget.TextView - Transfer"), 0): Tapped on element 'Object Repository/MAE Onboarding/android.widget.TextView - Transfer'

2023-03-17 16:30:07 - [MESSAGE][WARNING] - Timeout '0' is invalid. Using default page load timeout: '30'

2023-03-17 16:30:07 - [MESSAGE][PASSED] - Tapped on element 'Object Repository/MAE Onboarding/android.widget.TextView - Transfer'

2023-03-17 16:30:07 - [TEST_STEP][PASSED] - closeApplication(): Close app successfully

2023-03-17 16:30:09 - [MESSAGE][PASSED] - Close app successfully]]></system-out>
         <system-err><![CDATA[]]></system-err>
      </testcase>
      <system-out><![CDATA[2023-03-17 16:27:54 - [TEST_SUITE][PASSED] - MAE_TS1: Test Cases/Mobile TC/MAE Onboarding]]></system-out>
      <system-err><![CDATA[]]></system-err>
   </testsuite>
</testsuites>
