<?xml version="1.0" encoding="UTF-8"?>
<testsuites name="MAE_TSC" time="154.885" tests="1" failures="0" errors="0">
   <testsuite name="MAE_TS1" tests="1" failures="0" errors="0" time="147.984" skipped="0" timestamp="2023-03-17 16:40:47" hostname="00123955 - L181102205W10.mshome.net" id="Test Suites/MAE_TS1">
      <properties>
         <property name="deviceName" value="samsung SM-G998B (Android 11)"/>
         <property name="devicePlatform" value=""/>
         <property name="logFolder" value="C:\\Users\\00123955\\git\\showcaseGITmarch\\Reports\\20230317_164037\\MAE_TS1\\20230317_164041"/>
         <property name="logFiles" value="C:\\Users\\00123955\\git\\showcaseGITmarch\\Reports\\20230317_164037\\MAE_TS1\\20230317_164041\\appium.log, C:\\Users\\00123955\\git\\showcaseGITmarch\\Reports\\20230317_164037\\MAE_TS1\\20230317_164041\\execution0.log"/>
         <property name="attachments" value="C:\Users\00123955\git\screenshot\M2U\1.png, C:\Users\00123955\git\screenshot\M2U\2.png, C:\Users\00123955\git\screenshot\M2U\3.png, C:\Users\00123955\git\screenshot\M2U\4.png, C:\Users\00123955\git\screenshot\M2U\5.png, C:\Users\00123955\git\screenshot\M2U\6.png, C:\Users\00123955\git\screenshot\M2U\7.png, C:\Users\00123955\git\screenshot\M2U\8.png, C:\Users\00123955\git\screenshot\M2U\9.png, C:\Users\00123955\git\screenshot\M2U\10.png, C:\Users\00123955\git\screenshot\M2U\11.png, C:\Users\00123955\git\screenshot\M2U\12.png, C:\Users\00123955\git\screenshot\M2U\13.png, C:\Users\00123955\git\screenshot\M2U\14.png, C:\Users\00123955\git\screenshot\M2U\15.png, C:\Users\00123955\git\screenshot\M2U\16.png, C:\Users\00123955\git\screenshot\M2U\17.png, C:\Users\00123955\git\screenshot\M2U\18.png, C:\Users\00123955\git\screenshot\M2U\19.png, C:\Users\00123955\git\screenshot\M2U\20.png, C:\Users\00123955\git\screenshot\M2U\21.png"/>
         <property name="hostName" value="00123955 - L181102205W10.mshome.net"/>
         <property name="os" value="Windows 10 64bit"/>
         <property name="appiumServerStatus" value="{&quot;value&quot;:{&quot;build&quot;:{&quot;version&quot;:&quot;1.18.1&quot;}},&quot;sessionId&quot;:null,&quot;status&quot;:0}"/>
         <property name="katalonVersion" value="8.5.5.208"/>
         <property name="deviceOS" value="Android"/>
         <property name="appiumVersion" value="1.18.1"/>
         <property name="deviceModel" value="SM-G998B"/>
         <property name="hostAddress" value="192.168.174.129"/>
         <property name="deviceManufacturer" value="samsung"/>
         <property name="deviceId" value="R5CR704KXSR"/>
         <property name="deviceName" value="samsung SM-G998B (Android 11)"/>
         <property name="deviceOSVersion" value="11"/>
      </properties>
      <testcase name="Test Cases/Mobile TC/MAE Onboarding" time="147.584" classname="Test Cases/Mobile TC/MAE Onboarding" status="PASSED">
         <system-out><![CDATA[2023-03-17 16:40:47 - [TEST_CASE][PASSED] - Test Cases/Mobile TC/MAE Onboarding: Test Cases/Mobile TC/MAE Onboarding

2023-03-17 16:40:48 - [TEST_STEP][PASSED] - startExistingApplication("com.maybank2u.life", CONTINUE_ON_FAILURE): Starting app with application ID: 'com.maybank2u.life'

2023-03-17 16:40:49 - [MESSAGE][INFO] - Detected NodeJS location: "C:\Program Files\nodejs\node.exe"

2023-03-17 16:40:53 - [MESSAGE][INFO] - Appium server started on port 56,774

2023-03-17 16:41:09 - [MESSAGE][PASSED] - Starting app with application ID: 'com.maybank2u.life'

2023-03-17 16:41:09 - [TEST_STEP][PASSED] - takeScreenshot("C:\Users\00123955\git\screenshot\M2U\1.png", CONTINUE_ON_FAILURE): Screenshot is taken

2023-03-17 16:41:10 - [MESSAGE][PASSED] - Screenshot is taken
[[ATTACHMENT|C:\Users\00123955\git\screenshot\M2U\1.png]]

2023-03-17 16:41:10 - [TEST_STEP][PASSED] - getText(findTestObject("Object Repository/MAE Onboarding/android.widget.TextView - Skip"), 0): Text of element 'Object Repository/MAE Onboarding/android.widget.TextView - Skip' is: 'Skip'

2023-03-17 16:41:10 - [MESSAGE][WARNING] - Timeout '0' is invalid. Using default page load timeout: '30'

2023-03-17 16:41:12 - [MESSAGE][PASSED] - Text of element 'Object Repository/MAE Onboarding/android.widget.TextView - Skip' is: 'Skip'

2023-03-17 16:41:12 - [TEST_STEP][PASSED] - takeScreenshot("C:\Users\00123955\git\screenshot\M2U\2.png", CONTINUE_ON_FAILURE): Screenshot is taken

2023-03-17 16:41:13 - [MESSAGE][PASSED] - Screenshot is taken
[[ATTACHMENT|C:\Users\00123955\git\screenshot\M2U\2.png]]

2023-03-17 16:41:13 - [TEST_STEP][PASSED] - tap(findTestObject("Object Repository/MAE Onboarding/android.widget.TextView - Skip"), 0): Tapped on element 'Object Repository/MAE Onboarding/android.widget.TextView - Skip'

2023-03-17 16:41:13 - [MESSAGE][WARNING] - Timeout '0' is invalid. Using default page load timeout: '30'

2023-03-17 16:41:13 - [MESSAGE][PASSED] - Tapped on element 'Object Repository/MAE Onboarding/android.widget.TextView - Skip'

2023-03-17 16:41:13 - [TEST_STEP][PASSED] - getText(findTestObject("Object Repository/MAE Onboarding/android.widget.TextView - Agree"), 0): Text of element 'Object Repository/MAE Onboarding/android.widget.TextView - Agree' is: 'Agree'

2023-03-17 16:41:13 - [MESSAGE][WARNING] - Timeout '0' is invalid. Using default page load timeout: '30'

2023-03-17 16:41:14 - [MESSAGE][PASSED] - Text of element 'Object Repository/MAE Onboarding/android.widget.TextView - Agree' is: 'Agree'

2023-03-17 16:41:14 - [TEST_STEP][PASSED] - takeScreenshot("C:\Users\00123955\git\screenshot\M2U\3.png", CONTINUE_ON_FAILURE): Screenshot is taken

2023-03-17 16:41:14 - [MESSAGE][PASSED] - Screenshot is taken
[[ATTACHMENT|C:\Users\00123955\git\screenshot\M2U\3.png]]

2023-03-17 16:41:14 - [TEST_STEP][PASSED] - tap(findTestObject("Object Repository/MAE Onboarding/android.widget.TextView - Agree"), 0): Tapped on element 'Object Repository/MAE Onboarding/android.widget.TextView - Agree'

2023-03-17 16:41:14 - [MESSAGE][WARNING] - Timeout '0' is invalid. Using default page load timeout: '30'

2023-03-17 16:41:14 - [MESSAGE][PASSED] - Tapped on element 'Object Repository/MAE Onboarding/android.widget.TextView - Agree'

2023-03-17 16:41:14 - [TEST_STEP][PASSED] - getText(findTestObject("Object Repository/MAE Onboarding/android.widget.TextView - Hello"), 0): Text of element 'Object Repository/MAE Onboarding/android.widget.TextView - Hello' is: 'Hello!'

2023-03-17 16:41:15 - [MESSAGE][WARNING] - Timeout '0' is invalid. Using default page load timeout: '30'

2023-03-17 16:41:17 - [MESSAGE][PASSED] - Text of element 'Object Repository/MAE Onboarding/android.widget.TextView - Hello' is: 'Hello!'

2023-03-17 16:41:17 - [TEST_STEP][PASSED] - takeScreenshot("C:\Users\00123955\git\screenshot\M2U\4.png", CONTINUE_ON_FAILURE): Screenshot is taken

2023-03-17 16:41:17 - [MESSAGE][PASSED] - Screenshot is taken
[[ATTACHMENT|C:\Users\00123955\git\screenshot\M2U\4.png]]

2023-03-17 16:41:17 - [TEST_STEP][PASSED] - tap(findTestObject("Object Repository/MAE Onboarding/android.widget.TextView - Hello"), 0): Tapped on element 'Object Repository/MAE Onboarding/android.widget.TextView - Hello'

2023-03-17 16:41:18 - [MESSAGE][WARNING] - Timeout '0' is invalid. Using default page load timeout: '30'

2023-03-17 16:41:18 - [MESSAGE][PASSED] - Tapped on element 'Object Repository/MAE Onboarding/android.widget.TextView - Hello'

2023-03-17 16:41:18 - [TEST_STEP][PASSED] - getText(findTestObject("Object Repository/MAE Onboarding/android.widget.TextView - Existing M2UMAE user Log in here"), 0): Text of element 'Object Repository/MAE Onboarding/android.widget.TextView - Existing M2UMAE user Log in here' is: 'Existing M2U/MAE user? Log in here'

2023-03-17 16:41:18 - [MESSAGE][WARNING] - Timeout '0' is invalid. Using default page load timeout: '30'

2023-03-17 16:41:19 - [MESSAGE][PASSED] - Text of element 'Object Repository/MAE Onboarding/android.widget.TextView - Existing M2UMAE user Log in here' is: 'Existing M2U/MAE user? Log in here'

2023-03-17 16:41:19 - [TEST_STEP][PASSED] - takeScreenshot("C:\Users\00123955\git\screenshot\M2U\5.png", CONTINUE_ON_FAILURE): Screenshot is taken

2023-03-17 16:41:20 - [MESSAGE][PASSED] - Screenshot is taken
[[ATTACHMENT|C:\Users\00123955\git\screenshot\M2U\5.png]]

2023-03-17 16:41:20 - [TEST_STEP][PASSED] - tap(findTestObject("Object Repository/MAE Onboarding/android.widget.TextView - Existing M2UMAE user Log in here"), 0): Tapped on element 'Object Repository/MAE Onboarding/android.widget.TextView - Existing M2UMAE user Log in here'

2023-03-17 16:41:20 - [MESSAGE][WARNING] - Timeout '0' is invalid. Using default page load timeout: '30'

2023-03-17 16:41:21 - [MESSAGE][PASSED] - Tapped on element 'Object Repository/MAE Onboarding/android.widget.TextView - Existing M2UMAE user Log in here'

2023-03-17 16:41:21 - [TEST_STEP][PASSED] - getText(findTestObject("Object Repository/MAE Onboarding/android.widget.TextView - Login to Maybank2u"), 0): Text of element 'Object Repository/MAE Onboarding/android.widget.TextView - Login to Maybank2u' is: 'Login to Maybank2u'

2023-03-17 16:41:21 - [MESSAGE][WARNING] - Timeout '0' is invalid. Using default page load timeout: '30'

2023-03-17 16:41:22 - [MESSAGE][PASSED] - Text of element 'Object Repository/MAE Onboarding/android.widget.TextView - Login to Maybank2u' is: 'Login to Maybank2u'

2023-03-17 16:41:22 - [TEST_STEP][PASSED] - takeScreenshot("C:\Users\00123955\git\screenshot\M2U\6.png", CONTINUE_ON_FAILURE): Screenshot is taken

2023-03-17 16:41:22 - [MESSAGE][PASSED] - Screenshot is taken
[[ATTACHMENT|C:\Users\00123955\git\screenshot\M2U\6.png]]

2023-03-17 16:41:22 - [TEST_STEP][PASSED] - setText(findTestObject("MAE Onboarding/android.widget.EditText"), "mosajgohar1", 0): Text 'mosajgohar1' has been set to element 'Object Repository/MAE Onboarding/android.widget.EditText'

2023-03-17 16:41:23 - [MESSAGE][WARNING] - Timeout '0' is invalid. Using default page load timeout: '30'

2023-03-17 16:41:23 - [MESSAGE][PASSED] - Text 'mosajgohar1' has been set to element 'Object Repository/MAE Onboarding/android.widget.EditText'

2023-03-17 16:41:23 - [TEST_STEP][PASSED] - takeScreenshot("C:\Users\00123955\git\screenshot\M2U\7.png", CONTINUE_ON_FAILURE): Screenshot is taken

2023-03-17 16:41:24 - [MESSAGE][PASSED] - Screenshot is taken
[[ATTACHMENT|C:\Users\00123955\git\screenshot\M2U\7.png]]

2023-03-17 16:41:24 - [TEST_STEP][PASSED] - getText(findTestObject("MAE Onboarding/android.widget.TextView - Continue"), 0): Text of element 'Object Repository/MAE Onboarding/android.widget.TextView - Continue' is: 'Continue'

2023-03-17 16:41:24 - [MESSAGE][WARNING] - Timeout '0' is invalid. Using default page load timeout: '30'

2023-03-17 16:41:45 - [MESSAGE][PASSED] - Text of element 'Object Repository/MAE Onboarding/android.widget.TextView - Continue' is: 'Continue'

2023-03-17 16:41:45 - [TEST_STEP][PASSED] - takeScreenshot("C:\Users\00123955\git\screenshot\M2U\8.png", CONTINUE_ON_FAILURE): Screenshot is taken

2023-03-17 16:41:45 - [MESSAGE][PASSED] - Screenshot is taken
[[ATTACHMENT|C:\Users\00123955\git\screenshot\M2U\8.png]]

2023-03-17 16:41:45 - [TEST_STEP][PASSED] - tap(findTestObject("MAE Onboarding/android.widget.TextView - Continue"), 0): Tapped on element 'Object Repository/MAE Onboarding/android.widget.TextView - Continue'

2023-03-17 16:41:45 - [MESSAGE][WARNING] - Timeout '0' is invalid. Using default page load timeout: '30'

2023-03-17 16:41:45 - [MESSAGE][PASSED] - Tapped on element 'Object Repository/MAE Onboarding/android.widget.TextView - Continue'

2023-03-17 16:41:45 - [TEST_STEP][PASSED] - getText(findTestObject("Object Repository/MAE Onboarding/android.widget.TextView - cap"), 0): Text of element 'Object Repository/MAE Onboarding/android.widget.TextView - cap' is: 'cap'

2023-03-17 16:41:46 - [MESSAGE][WARNING] - Timeout '0' is invalid. Using default page load timeout: '30'

2023-03-17 16:41:47 - [MESSAGE][PASSED] - Text of element 'Object Repository/MAE Onboarding/android.widget.TextView - cap' is: 'cap'

2023-03-17 16:41:47 - [TEST_STEP][PASSED] - getText(findTestObject("Object Repository/MAE Onboarding/android.widget.TextView - Yes, Its Mine"), 0): Text of element 'Object Repository/MAE Onboarding/android.widget.TextView - Yes, Its Mine' is: 'Yes, It’s Mine'

2023-03-17 16:41:47 - [MESSAGE][WARNING] - Timeout '0' is invalid. Using default page load timeout: '30'

2023-03-17 16:41:47 - [MESSAGE][PASSED] - Text of element 'Object Repository/MAE Onboarding/android.widget.TextView - Yes, Its Mine' is: 'Yes, It’s Mine'

2023-03-17 16:41:47 - [TEST_STEP][PASSED] - takeScreenshot("C:\Users\00123955\git\screenshot\M2U\9.png", CONTINUE_ON_FAILURE): Screenshot is taken

2023-03-17 16:41:47 - [MESSAGE][PASSED] - Screenshot is taken
[[ATTACHMENT|C:\Users\00123955\git\screenshot\M2U\9.png]]

2023-03-17 16:41:47 - [TEST_STEP][PASSED] - tap(findTestObject("Object Repository/MAE Onboarding/android.widget.TextView - Yes, Its Mine"), 0): Tapped on element 'Object Repository/MAE Onboarding/android.widget.TextView - Yes, Its Mine'

2023-03-17 16:41:47 - [MESSAGE][WARNING] - Timeout '0' is invalid. Using default page load timeout: '30'

2023-03-17 16:41:48 - [MESSAGE][PASSED] - Tapped on element 'Object Repository/MAE Onboarding/android.widget.TextView - Yes, Its Mine'

2023-03-17 16:41:48 - [TEST_STEP][PASSED] - getText(findTestObject("Object Repository/MAE Onboarding/android.widget.TextView - Enter your password"), 0): Text of element 'Object Repository/MAE Onboarding/android.widget.TextView - Enter your password' is: 'Enter your password'

2023-03-17 16:41:48 - [MESSAGE][WARNING] - Timeout '0' is invalid. Using default page load timeout: '30'

2023-03-17 16:41:49 - [MESSAGE][PASSED] - Text of element 'Object Repository/MAE Onboarding/android.widget.TextView - Enter your password' is: 'Enter your password'

2023-03-17 16:41:49 - [TEST_STEP][PASSED] - takeScreenshot("C:\Users\00123955\git\screenshot\M2U\10.png", CONTINUE_ON_FAILURE): Screenshot is taken

2023-03-17 16:41:49 - [MESSAGE][PASSED] - Screenshot is taken
[[ATTACHMENT|C:\Users\00123955\git\screenshot\M2U\10.png]]

2023-03-17 16:41:49 - [TEST_STEP][PASSED] - setText(findTestObject("Object Repository/MAE Onboarding/android.widget.EditText (1)"), findTestData("DevOps").getValue(2, 1), 0): Text 'Mayesha@2' has been set to element 'Object Repository/MAE Onboarding/android.widget.EditText (1)'

2023-03-17 16:41:50 - [MESSAGE][WARNING] - Timeout '0' is invalid. Using default page load timeout: '30'

2023-03-17 16:41:51 - [MESSAGE][PASSED] - Text 'Mayesha@2' has been set to element 'Object Repository/MAE Onboarding/android.widget.EditText (1)'

2023-03-17 16:41:51 - [TEST_STEP][PASSED] - hideKeyboard(): Keyboard is hidden

2023-03-17 16:41:53 - [MESSAGE][PASSED] - Keyboard is hidden

2023-03-17 16:41:53 - [TEST_STEP][PASSED] - getText(findTestObject("Object Repository/MAE Onboarding/android.widget.TextView - Continue (1)"), 0): Text of element 'Object Repository/MAE Onboarding/android.widget.TextView - Continue (1)' is: 'Continue'

2023-03-17 16:41:53 - [MESSAGE][WARNING] - Timeout '0' is invalid. Using default page load timeout: '30'

2023-03-17 16:41:53 - [MESSAGE][PASSED] - Text of element 'Object Repository/MAE Onboarding/android.widget.TextView - Continue (1)' is: 'Continue'

2023-03-17 16:41:53 - [TEST_STEP][PASSED] - tap(findTestObject("Object Repository/MAE Onboarding/android.widget.TextView - Continue (1)"), 0): Tapped on element 'Object Repository/MAE Onboarding/android.widget.TextView - Continue (1)'

2023-03-17 16:41:53 - [MESSAGE][WARNING] - Timeout '0' is invalid. Using default page load timeout: '30'

2023-03-17 16:41:53 - [MESSAGE][PASSED] - Tapped on element 'Object Repository/MAE Onboarding/android.widget.TextView - Continue (1)'

2023-03-17 16:41:53 - [TEST_STEP][PASSED] - getText(findTestObject("Object Repository/MAE Onboarding/android.widget.TextView - Create your PIN for the app"), 0): Text of element 'Object Repository/MAE Onboarding/android.widget.TextView - Create your PIN for the app' is: 'Create your PIN for the app'

2023-03-17 16:41:53 - [MESSAGE][WARNING] - Timeout '0' is invalid. Using default page load timeout: '30'

2023-03-17 16:41:56 - [MESSAGE][PASSED] - Text of element 'Object Repository/MAE Onboarding/android.widget.TextView - Create your PIN for the app' is: 'Create your PIN for the app'

2023-03-17 16:41:56 - [TEST_STEP][PASSED] - takeScreenshot("C:\Users\00123955\git\screenshot\M2U\11.png", CONTINUE_ON_FAILURE): Screenshot is taken

2023-03-17 16:41:56 - [MESSAGE][PASSED] - Screenshot is taken
[[ATTACHMENT|C:\Users\00123955\git\screenshot\M2U\11.png]]

2023-03-17 16:41:56 - [TEST_STEP][PASSED] - tap(findTestObject("Object Repository/MAE Onboarding/android.widget.TextView - 1"), 0): Tapped on element 'Object Repository/MAE Onboarding/android.widget.TextView - 1'

2023-03-17 16:41:56 - [MESSAGE][WARNING] - Timeout '0' is invalid. Using default page load timeout: '30'

2023-03-17 16:41:56 - [MESSAGE][PASSED] - Tapped on element 'Object Repository/MAE Onboarding/android.widget.TextView - 1'

2023-03-17 16:41:56 - [TEST_STEP][PASSED] - tap(findTestObject("Object Repository/MAE Onboarding/android.widget.TextView - 1"), 0): Tapped on element 'Object Repository/MAE Onboarding/android.widget.TextView - 1'

2023-03-17 16:41:56 - [MESSAGE][WARNING] - Timeout '0' is invalid. Using default page load timeout: '30'

2023-03-17 16:41:58 - [MESSAGE][PASSED] - Tapped on element 'Object Repository/MAE Onboarding/android.widget.TextView - 1'

2023-03-17 16:41:58 - [TEST_STEP][PASSED] - tap(findTestObject("Object Repository/MAE Onboarding/android.widget.TextView - 1"), 0): Tapped on element 'Object Repository/MAE Onboarding/android.widget.TextView - 1'

2023-03-17 16:41:58 - [MESSAGE][WARNING] - Timeout '0' is invalid. Using default page load timeout: '30'

2023-03-17 16:42:00 - [MESSAGE][PASSED] - Tapped on element 'Object Repository/MAE Onboarding/android.widget.TextView - 1'

2023-03-17 16:42:00 - [TEST_STEP][PASSED] - tap(findTestObject("Object Repository/MAE Onboarding/android.widget.TextView - 1"), 0): Tapped on element 'Object Repository/MAE Onboarding/android.widget.TextView - 1'

2023-03-17 16:42:00 - [MESSAGE][WARNING] - Timeout '0' is invalid. Using default page load timeout: '30'

2023-03-17 16:42:02 - [MESSAGE][PASSED] - Tapped on element 'Object Repository/MAE Onboarding/android.widget.TextView - 1'

2023-03-17 16:42:02 - [TEST_STEP][PASSED] - tap(findTestObject("Object Repository/MAE Onboarding/android.widget.TextView - 1"), 0): Tapped on element 'Object Repository/MAE Onboarding/android.widget.TextView - 1'

2023-03-17 16:42:02 - [MESSAGE][WARNING] - Timeout '0' is invalid. Using default page load timeout: '30'

2023-03-17 16:42:03 - [MESSAGE][PASSED] - Tapped on element 'Object Repository/MAE Onboarding/android.widget.TextView - 1'

2023-03-17 16:42:03 - [TEST_STEP][PASSED] - tap(findTestObject("Object Repository/MAE Onboarding/android.widget.TextView - 1"), 0): Tapped on element 'Object Repository/MAE Onboarding/android.widget.TextView - 1'

2023-03-17 16:42:03 - [MESSAGE][WARNING] - Timeout '0' is invalid. Using default page load timeout: '30'

2023-03-17 16:42:05 - [MESSAGE][PASSED] - Tapped on element 'Object Repository/MAE Onboarding/android.widget.TextView - 1'

2023-03-17 16:42:05 - [TEST_STEP][PASSED] - takeScreenshot("C:\Users\00123955\git\screenshot\M2U\12.png", CONTINUE_ON_FAILURE): Screenshot is taken

2023-03-17 16:42:05 - [MESSAGE][PASSED] - Screenshot is taken
[[ATTACHMENT|C:\Users\00123955\git\screenshot\M2U\12.png]]

2023-03-17 16:42:05 - [TEST_STEP][PASSED] - tap(findTestObject("Object Repository/MAE Onboarding/android.widget.ImageView"), 0): Tapped on element 'Object Repository/MAE Onboarding/android.widget.ImageView'

2023-03-17 16:42:05 - [MESSAGE][WARNING] - Timeout '0' is invalid. Using default page load timeout: '30'

2023-03-17 16:42:07 - [MESSAGE][PASSED] - Tapped on element 'Object Repository/MAE Onboarding/android.widget.ImageView'

2023-03-17 16:42:07 - [TEST_STEP][PASSED] - getText(findTestObject("Object Repository/MAE Onboarding/android.widget.TextView - Confirm your 6-digit PIN"), 0): Text of element 'Object Repository/MAE Onboarding/android.widget.TextView - Confirm your 6-digit PIN' is: 'Confirm your 6-digit PIN'

2023-03-17 16:42:07 - [MESSAGE][WARNING] - Timeout '0' is invalid. Using default page load timeout: '30'

2023-03-17 16:42:08 - [MESSAGE][PASSED] - Text of element 'Object Repository/MAE Onboarding/android.widget.TextView - Confirm your 6-digit PIN' is: 'Confirm your 6-digit PIN'

2023-03-17 16:42:08 - [TEST_STEP][PASSED] - tap(findTestObject("Object Repository/MAE Onboarding/android.widget.TextView - 1"), 0): Tapped on element 'Object Repository/MAE Onboarding/android.widget.TextView - 1'

2023-03-17 16:42:08 - [MESSAGE][WARNING] - Timeout '0' is invalid. Using default page load timeout: '30'

2023-03-17 16:42:08 - [MESSAGE][PASSED] - Tapped on element 'Object Repository/MAE Onboarding/android.widget.TextView - 1'

2023-03-17 16:42:08 - [TEST_STEP][PASSED] - tap(findTestObject("Object Repository/MAE Onboarding/android.widget.TextView - 1"), 0): Tapped on element 'Object Repository/MAE Onboarding/android.widget.TextView - 1'

2023-03-17 16:42:08 - [MESSAGE][WARNING] - Timeout '0' is invalid. Using default page load timeout: '30'

2023-03-17 16:42:10 - [MESSAGE][PASSED] - Tapped on element 'Object Repository/MAE Onboarding/android.widget.TextView - 1'

2023-03-17 16:42:10 - [TEST_STEP][PASSED] - tap(findTestObject("Object Repository/MAE Onboarding/android.widget.TextView - 1"), 0): Tapped on element 'Object Repository/MAE Onboarding/android.widget.TextView - 1'

2023-03-17 16:42:10 - [MESSAGE][WARNING] - Timeout '0' is invalid. Using default page load timeout: '30'

2023-03-17 16:42:13 - [MESSAGE][PASSED] - Tapped on element 'Object Repository/MAE Onboarding/android.widget.TextView - 1'

2023-03-17 16:42:13 - [TEST_STEP][PASSED] - tap(findTestObject("Object Repository/MAE Onboarding/android.widget.TextView - 1"), 0): Tapped on element 'Object Repository/MAE Onboarding/android.widget.TextView - 1'

2023-03-17 16:42:13 - [MESSAGE][WARNING] - Timeout '0' is invalid. Using default page load timeout: '30'

2023-03-17 16:42:13 - [MESSAGE][PASSED] - Tapped on element 'Object Repository/MAE Onboarding/android.widget.TextView - 1'

2023-03-17 16:42:13 - [TEST_STEP][PASSED] - tap(findTestObject("Object Repository/MAE Onboarding/android.widget.TextView - 1"), 0): Tapped on element 'Object Repository/MAE Onboarding/android.widget.TextView - 1'

2023-03-17 16:42:14 - [MESSAGE][WARNING] - Timeout '0' is invalid. Using default page load timeout: '30'

2023-03-17 16:42:15 - [MESSAGE][PASSED] - Tapped on element 'Object Repository/MAE Onboarding/android.widget.TextView - 1'

2023-03-17 16:42:15 - [TEST_STEP][PASSED] - tap(findTestObject("Object Repository/MAE Onboarding/android.widget.TextView - 1"), 0): Tapped on element 'Object Repository/MAE Onboarding/android.widget.TextView - 1'

2023-03-17 16:42:15 - [MESSAGE][WARNING] - Timeout '0' is invalid. Using default page load timeout: '30'

2023-03-17 16:42:17 - [MESSAGE][PASSED] - Tapped on element 'Object Repository/MAE Onboarding/android.widget.TextView - 1'

2023-03-17 16:42:17 - [TEST_STEP][PASSED] - takeScreenshot("C:\Users\00123955\git\screenshot\M2U\13.png", CONTINUE_ON_FAILURE): Screenshot is taken

2023-03-17 16:42:18 - [MESSAGE][PASSED] - Screenshot is taken
[[ATTACHMENT|C:\Users\00123955\git\screenshot\M2U\13.png]]

2023-03-17 16:42:18 - [TEST_STEP][PASSED] - tap(findTestObject("Object Repository/MAE Onboarding/android.widget.ImageView"), 0): Tapped on element 'Object Repository/MAE Onboarding/android.widget.ImageView'

2023-03-17 16:42:18 - [MESSAGE][WARNING] - Timeout '0' is invalid. Using default page load timeout: '30'

2023-03-17 16:42:19 - [MESSAGE][PASSED] - Tapped on element 'Object Repository/MAE Onboarding/android.widget.ImageView'

2023-03-17 16:42:19 - [TEST_STEP][PASSED] - getText(findTestObject("Object Repository/MAE Onboarding/android.widget.TextView - Set Up Later"), 0): Text of element 'Object Repository/MAE Onboarding/android.widget.TextView - Set Up Later' is: 'Set Up Later'

2023-03-17 16:42:19 - [MESSAGE][WARNING] - Timeout '0' is invalid. Using default page load timeout: '30'

2023-03-17 16:42:20 - [MESSAGE][PASSED] - Text of element 'Object Repository/MAE Onboarding/android.widget.TextView - Set Up Later' is: 'Set Up Later'

2023-03-17 16:42:20 - [TEST_STEP][PASSED] - takeScreenshot("C:\Users\00123955\git\screenshot\M2U\14.png", CONTINUE_ON_FAILURE): Screenshot is taken

2023-03-17 16:42:21 - [MESSAGE][PASSED] - Screenshot is taken
[[ATTACHMENT|C:\Users\00123955\git\screenshot\M2U\14.png]]

2023-03-17 16:42:21 - [TEST_STEP][PASSED] - tap(findTestObject("Object Repository/MAE Onboarding/android.widget.TextView - Set Up Later"), 0): Tapped on element 'Object Repository/MAE Onboarding/android.widget.TextView - Set Up Later'

2023-03-17 16:42:21 - [MESSAGE][WARNING] - Timeout '0' is invalid. Using default page load timeout: '30'

2023-03-17 16:42:21 - [MESSAGE][PASSED] - Tapped on element 'Object Repository/MAE Onboarding/android.widget.TextView - Set Up Later'

2023-03-17 16:42:21 - [TEST_STEP][PASSED] - getText(findTestObject("Object Repository/MAE Onboarding/android.widget.TextView - Verify Number"), 0): Text of element 'Object Repository/MAE Onboarding/android.widget.TextView - Verify Number' is: 'Verify Number'

2023-03-17 16:42:21 - [MESSAGE][WARNING] - Timeout '0' is invalid. Using default page load timeout: '30'

2023-03-17 16:42:22 - [MESSAGE][PASSED] - Text of element 'Object Repository/MAE Onboarding/android.widget.TextView - Verify Number' is: 'Verify Number'

2023-03-17 16:42:22 - [TEST_STEP][PASSED] - getText(findTestObject("Object Repository/MAE Onboarding/android.widget.TextView - Yes, Proceed"), 0): Text of element 'Object Repository/MAE Onboarding/android.widget.TextView - Yes, Proceed' is: 'Yes, Proceed'

2023-03-17 16:42:22 - [MESSAGE][WARNING] - Timeout '0' is invalid. Using default page load timeout: '30'

2023-03-17 16:42:23 - [MESSAGE][PASSED] - Text of element 'Object Repository/MAE Onboarding/android.widget.TextView - Yes, Proceed' is: 'Yes, Proceed'

2023-03-17 16:42:23 - [TEST_STEP][PASSED] - takeScreenshot("C:\Users\00123955\git\screenshot\M2U\15.png", CONTINUE_ON_FAILURE): Screenshot is taken

2023-03-17 16:42:23 - [MESSAGE][PASSED] - Screenshot is taken
[[ATTACHMENT|C:\Users\00123955\git\screenshot\M2U\15.png]]

2023-03-17 16:42:23 - [TEST_STEP][PASSED] - tap(findTestObject("Object Repository/MAE Onboarding/android.widget.TextView - Yes, Proceed"), 0): Tapped on element 'Object Repository/MAE Onboarding/android.widget.TextView - Yes, Proceed'

2023-03-17 16:42:23 - [MESSAGE][WARNING] - Timeout '0' is invalid. Using default page load timeout: '30'

2023-03-17 16:42:24 - [MESSAGE][PASSED] - Tapped on element 'Object Repository/MAE Onboarding/android.widget.TextView - Yes, Proceed'

2023-03-17 16:42:24 - [TEST_STEP][PASSED] - delay(20): Delayed 20 second(s)

2023-03-17 16:42:44 - [MESSAGE][PASSED] - Delayed 20 second(s)

2023-03-17 16:42:44 - [TEST_STEP][PASSED] - takeScreenshot("C:\Users\00123955\git\screenshot\M2U\16.png", CONTINUE_ON_FAILURE): Screenshot is taken

2023-03-17 16:42:44 - [MESSAGE][PASSED] - Screenshot is taken
[[ATTACHMENT|C:\Users\00123955\git\screenshot\M2U\16.png]]

2023-03-17 16:42:44 - [TEST_STEP][PASSED] - tap(findTestObject("Object Repository/MAE Onboarding/android.widget.ImageView"), 0): Tapped on element 'Object Repository/MAE Onboarding/android.widget.ImageView'

2023-03-17 16:42:44 - [MESSAGE][WARNING] - Timeout '0' is invalid. Using default page load timeout: '30'

2023-03-17 16:42:44 - [MESSAGE][PASSED] - Tapped on element 'Object Repository/MAE Onboarding/android.widget.ImageView'

2023-03-17 16:42:44 - [TEST_STEP][PASSED] - getText(findTestObject("Object Repository/MAE Onboarding/android.widget.EditText - Enter your name"), 0): Text of element 'Object Repository/MAE Onboarding/android.widget.EditText - Enter your name' is: 'Enter your name'

2023-03-17 16:42:45 - [MESSAGE][WARNING] - Timeout '0' is invalid. Using default page load timeout: '30'

2023-03-17 16:42:47 - [MESSAGE][PASSED] - Text of element 'Object Repository/MAE Onboarding/android.widget.EditText - Enter your name' is: 'Enter your name'

2023-03-17 16:42:47 - [TEST_STEP][PASSED] - setText(findTestObject("Object Repository/MAE Onboarding/android.widget.EditText - Enter your name"), "Mayesha", 0): Text 'Mayesha' has been set to element 'Object Repository/MAE Onboarding/android.widget.EditText - Enter your name'

2023-03-17 16:42:47 - [MESSAGE][WARNING] - Timeout '0' is invalid. Using default page load timeout: '30'

2023-03-17 16:42:48 - [MESSAGE][PASSED] - Text 'Mayesha' has been set to element 'Object Repository/MAE Onboarding/android.widget.EditText - Enter your name'

2023-03-17 16:42:48 - [TEST_STEP][PASSED] - takeScreenshot("C:\Users\00123955\git\screenshot\M2U\17.png", CONTINUE_ON_FAILURE): Screenshot is taken

2023-03-17 16:42:49 - [MESSAGE][PASSED] - Screenshot is taken
[[ATTACHMENT|C:\Users\00123955\git\screenshot\M2U\17.png]]

2023-03-17 16:42:49 - [TEST_STEP][PASSED] - hideKeyboard(): Keyboard is hidden

2023-03-17 16:42:49 - [MESSAGE][PASSED] - Keyboard is hidden

2023-03-17 16:42:49 - [TEST_STEP][PASSED] - getText(findTestObject("MAE Onboarding/android.widget.TextView - Continue"), 0): Text of element 'Object Repository/MAE Onboarding/android.widget.TextView - Continue' is: 'Continue'

2023-03-17 16:42:49 - [MESSAGE][WARNING] - Timeout '0' is invalid. Using default page load timeout: '30'

2023-03-17 16:42:50 - [MESSAGE][PASSED] - Text of element 'Object Repository/MAE Onboarding/android.widget.TextView - Continue' is: 'Continue'

2023-03-17 16:42:50 - [TEST_STEP][PASSED] - takeScreenshot("C:\Users\00123955\git\screenshot\M2U\18.png", CONTINUE_ON_FAILURE): Screenshot is taken

2023-03-17 16:42:50 - [MESSAGE][PASSED] - Screenshot is taken
[[ATTACHMENT|C:\Users\00123955\git\screenshot\M2U\18.png]]

2023-03-17 16:42:50 - [TEST_STEP][PASSED] - tap(findTestObject("MAE Onboarding/android.widget.TextView - Continue"), 0): Tapped on element 'Object Repository/MAE Onboarding/android.widget.TextView - Continue'

2023-03-17 16:42:50 - [MESSAGE][WARNING] - Timeout '0' is invalid. Using default page load timeout: '30'

2023-03-17 16:42:50 - [MESSAGE][PASSED] - Tapped on element 'Object Repository/MAE Onboarding/android.widget.TextView - Continue'

2023-03-17 16:42:50 - [TEST_STEP][PASSED] - getText(findTestObject("Object Repository/MAE Onboarding/android.widget.TextView - Introducing Wallet"), 0): Text of element 'Object Repository/MAE Onboarding/android.widget.TextView - Introducing Wallet' is: 'Introducing Wallet'

2023-03-17 16:42:51 - [MESSAGE][WARNING] - Timeout '0' is invalid. Using default page load timeout: '30'

2023-03-17 16:42:52 - [MESSAGE][PASSED] - Text of element 'Object Repository/MAE Onboarding/android.widget.TextView - Introducing Wallet' is: 'Introducing Wallet'

2023-03-17 16:42:52 - [TEST_STEP][PASSED] - tap(findTestObject("MAE Onboarding/android.widget.TextView - Continue"), 0): Tapped on element 'Object Repository/MAE Onboarding/android.widget.TextView - Continue'

2023-03-17 16:42:52 - [MESSAGE][WARNING] - Timeout '0' is invalid. Using default page load timeout: '30'

2023-03-17 16:42:52 - [MESSAGE][PASSED] - Tapped on element 'Object Repository/MAE Onboarding/android.widget.TextView - Continue'

2023-03-17 16:42:52 - [TEST_STEP][PASSED] - getText(findTestObject("Object Repository/MAE Onboarding/android.widget.TextView - Skip (1)"), 0): Text of element 'Object Repository/MAE Onboarding/android.widget.TextView - Skip (1)' is: 'Skip'

2023-03-17 16:42:52 - [MESSAGE][WARNING] - Timeout '0' is invalid. Using default page load timeout: '30'

2023-03-17 16:42:57 - [MESSAGE][PASSED] - Text of element 'Object Repository/MAE Onboarding/android.widget.TextView - Skip (1)' is: 'Skip'

2023-03-17 16:42:57 - [TEST_STEP][PASSED] - tap(findTestObject("Object Repository/MAE Onboarding/android.widget.TextView - Skip (1)"), 0): Tapped on element 'Object Repository/MAE Onboarding/android.widget.TextView - Skip (1)'

2023-03-17 16:42:57 - [MESSAGE][WARNING] - Timeout '0' is invalid. Using default page load timeout: '30'

2023-03-17 16:42:57 - [MESSAGE][PASSED] - Tapped on element 'Object Repository/MAE Onboarding/android.widget.TextView - Skip (1)'

2023-03-17 16:42:57 - [TEST_STEP][PASSED] - getText(findTestObject("Object Repository/MAE Onboarding/android.widget.TextView - Set Up Successful"), 0): Text of element 'Object Repository/MAE Onboarding/android.widget.TextView - Set Up Successful' is: 'Set Up Successful'

2023-03-17 16:42:58 - [MESSAGE][WARNING] - Timeout '0' is invalid. Using default page load timeout: '30'

2023-03-17 16:43:01 - [MESSAGE][PASSED] - Text of element 'Object Repository/MAE Onboarding/android.widget.TextView - Set Up Successful' is: 'Set Up Successful'

2023-03-17 16:43:01 - [TEST_STEP][PASSED] - takeScreenshot("C:\Users\00123955\git\screenshot\M2U\19.png", CONTINUE_ON_FAILURE): Screenshot is taken

2023-03-17 16:43:02 - [MESSAGE][PASSED] - Screenshot is taken
[[ATTACHMENT|C:\Users\00123955\git\screenshot\M2U\19.png]]

2023-03-17 16:43:02 - [TEST_STEP][PASSED] - tap(findTestObject("Object Repository/MAE Onboarding/android.widget.TextView - Done"), 0): Tapped on element 'Object Repository/MAE Onboarding/android.widget.TextView - Done'

2023-03-17 16:43:02 - [MESSAGE][WARNING] - Timeout '0' is invalid. Using default page load timeout: '30'

2023-03-17 16:43:02 - [MESSAGE][PASSED] - Tapped on element 'Object Repository/MAE Onboarding/android.widget.TextView - Done'

2023-03-17 16:43:02 - [TEST_STEP][PASSED] - getText(findTestObject("Object Repository/MAE Onboarding/android.widget.TextView - Mayesha"), 0): Text of element 'Object Repository/MAE Onboarding/android.widget.TextView - Mayesha' is: 'Mayesha'

2023-03-17 16:43:02 - [MESSAGE][WARNING] - Timeout '0' is invalid. Using default page load timeout: '30'

2023-03-17 16:43:05 - [MESSAGE][PASSED] - Text of element 'Object Repository/MAE Onboarding/android.widget.TextView - Mayesha' is: 'Mayesha'

2023-03-17 16:43:05 - [TEST_STEP][PASSED] - takeScreenshot("C:\Users\00123955\git\screenshot\M2U\20.png", CONTINUE_ON_FAILURE): Screenshot is taken

2023-03-17 16:43:06 - [MESSAGE][PASSED] - Screenshot is taken
[[ATTACHMENT|C:\Users\00123955\git\screenshot\M2U\20.png]]

2023-03-17 16:43:06 - [TEST_STEP][PASSED] - getText(findTestObject("Object Repository/MAE Onboarding/android.widget.TextView - Maybank2u"), 0): Text of element 'Object Repository/MAE Onboarding/android.widget.TextView - Maybank2u' is: 'Maybank2u'

2023-03-17 16:43:06 - [MESSAGE][WARNING] - Timeout '0' is invalid. Using default page load timeout: '30'

2023-03-17 16:43:06 - [MESSAGE][PASSED] - Text of element 'Object Repository/MAE Onboarding/android.widget.TextView - Maybank2u' is: 'Maybank2u'

2023-03-17 16:43:06 - [TEST_STEP][PASSED] - tap(findTestObject("Object Repository/MAE Onboarding/android.widget.TextView - Maybank2u"), 0): Tapped on element 'Object Repository/MAE Onboarding/android.widget.TextView - Maybank2u'

2023-03-17 16:43:06 - [MESSAGE][WARNING] - Timeout '0' is invalid. Using default page load timeout: '30'

2023-03-17 16:43:06 - [MESSAGE][PASSED] - Tapped on element 'Object Repository/MAE Onboarding/android.widget.TextView - Maybank2u'

2023-03-17 16:43:06 - [TEST_STEP][PASSED] - getText(findTestObject("Object Repository/MAE Onboarding/android.widget.TextView - Total Balance"), 0): Text of element 'Object Repository/MAE Onboarding/android.widget.TextView - Total Balance' is: 'Total Balance'

2023-03-17 16:43:07 - [MESSAGE][WARNING] - Timeout '0' is invalid. Using default page load timeout: '30'

2023-03-17 16:43:08 - [MESSAGE][PASSED] - Text of element 'Object Repository/MAE Onboarding/android.widget.TextView - Total Balance' is: 'Total Balance'

2023-03-17 16:43:08 - [TEST_STEP][PASSED] - getText(findTestObject("Object Repository/MAE Onboarding/android.widget.TextView - Savings Account-i"), 0): Text of element 'Object Repository/MAE Onboarding/android.widget.TextView - Savings Account-i' is: 'Savings Account-i'

2023-03-17 16:43:09 - [MESSAGE][WARNING] - Timeout '0' is invalid. Using default page load timeout: '30'

2023-03-17 16:43:09 - [MESSAGE][PASSED] - Text of element 'Object Repository/MAE Onboarding/android.widget.TextView - Savings Account-i' is: 'Savings Account-i'

2023-03-17 16:43:09 - [TEST_STEP][PASSED] - takeScreenshot("C:\Users\00123955\git\screenshot\M2U\21.png", CONTINUE_ON_FAILURE): Screenshot is taken

2023-03-17 16:43:10 - [MESSAGE][PASSED] - Screenshot is taken
[[ATTACHMENT|C:\Users\00123955\git\screenshot\M2U\21.png]]

2023-03-17 16:43:10 - [TEST_STEP][PASSED] - tap(findTestObject("Object Repository/MAE Onboarding/android.widget.TextView - Savings Account-i"), 0): Tapped on element 'Object Repository/MAE Onboarding/android.widget.TextView - Savings Account-i'

2023-03-17 16:43:10 - [MESSAGE][WARNING] - Timeout '0' is invalid. Using default page load timeout: '30'

2023-03-17 16:43:11 - [MESSAGE][PASSED] - Tapped on element 'Object Repository/MAE Onboarding/android.widget.TextView - Savings Account-i'

2023-03-17 16:43:11 - [TEST_STEP][PASSED] - getText(findTestObject("Object Repository/MAE Onboarding/android.widget.TextView - Transfer"), 0): Text of element 'Object Repository/MAE Onboarding/android.widget.TextView - Transfer' is: 'Transfer'

2023-03-17 16:43:11 - [MESSAGE][WARNING] - Timeout '0' is invalid. Using default page load timeout: '30'

2023-03-17 16:43:12 - [MESSAGE][PASSED] - Text of element 'Object Repository/MAE Onboarding/android.widget.TextView - Transfer' is: 'Transfer'

2023-03-17 16:43:12 - [TEST_STEP][PASSED] - tap(findTestObject("Object Repository/MAE Onboarding/android.widget.TextView - Transfer"), 0): Tapped on element 'Object Repository/MAE Onboarding/android.widget.TextView - Transfer'

2023-03-17 16:43:12 - [MESSAGE][WARNING] - Timeout '0' is invalid. Using default page load timeout: '30'

2023-03-17 16:43:12 - [MESSAGE][PASSED] - Tapped on element 'Object Repository/MAE Onboarding/android.widget.TextView - Transfer'

2023-03-17 16:43:12 - [TEST_STEP][PASSED] - closeApplication(): Close app successfully

2023-03-17 16:43:15 - [MESSAGE][PASSED] - Close app successfully]]></system-out>
         <system-err><![CDATA[]]></system-err>
      </testcase>
      <system-out><![CDATA[2023-03-17 16:40:47 - [TEST_SUITE][PASSED] - MAE_TS1: Test Cases/Mobile TC/MAE Onboarding]]></system-out>
      <system-err><![CDATA[]]></system-err>
   </testsuite>
</testsuites>
